2025-05-22 15:18:53,309 INFO Set uid to user 0 succeeded
2025-05-22 15:18:53,311 INFO supervisord started with pid 1
2025-05-22 15:18:54,313 INFO spawned: 'satp-gateway' with pid 6
2025-05-22 15:18:55,315 INFO success: satp-gateway entered RUNNING state, process has stayed up for > than 1 seconds (startsecs)
2025-05-22 15:20:03,648 WARN received SIGTERM indicating exit request
2025-05-22 15:20:03,648 INFO waiting for satp-gateway to die
2025-05-22 15:20:03,677 WARN stopped: satp-gateway (exit status 143)
2025-05-22 18:49:18,970 INFO Set uid to user 0 succeeded
2025-05-22 18:49:18,971 INFO supervisord started with pid 1
2025-05-22 18:49:19,974 INFO spawned: 'satp-gateway' with pid 7
2025-05-22 18:49:20,976 INFO success: satp-gateway entered RUNNING state, process has stayed up for > than 1 seconds (startsecs)
2025-05-22 18:49:34,134 INFO Set uid to user 0 succeeded
2025-05-22 18:49:34,136 INFO supervisord started with pid 1
2025-05-22 18:49:35,138 INFO spawned: 'satp-gateway' with pid 7
2025-05-22 18:49:36,140 INFO success: satp-gateway entered RUNNING state, process has stayed up for > than 1 seconds (startsecs)
2025-05-22 22:07:00,761 INFO Set uid to user 0 succeeded
2025-05-22 22:07:00,763 INFO supervisord started with pid 1
2025-05-22 22:07:01,766 INFO spawned: 'satp-gateway' with pid 7
2025-05-22 22:07:02,768 INFO success: satp-gateway entered RUNNING state, process has stayed up for > than 1 seconds (startsecs)
2025-05-22 22:07:57,048 WARN received SIGTERM indicating exit request
2025-05-22 22:07:57,049 INFO waiting for satp-gateway to die
2025-05-22 22:07:57,084 WARN stopped: satp-gateway (exit status 143)
2025-05-24 09:36:22,403 INFO Set uid to user 0 succeeded
2025-05-24 09:36:22,414 INFO supervisord started with pid 1
2025-05-24 09:36:23,416 INFO spawned: 'satp-gateway' with pid 7
2025-05-24 09:36:24,418 INFO success: satp-gateway entered RUNNING state, process has stayed up for > than 1 seconds (startsecs)
2025-05-24 09:42:10,761 WARN received SIGTERM indicating exit request
2025-05-24 09:42:10,761 INFO waiting for satp-gateway to die
2025-05-24 09:42:10,789 WARN stopped: satp-gateway (exit status 143)
