(node:7) [DEP0040] DeprecationWarning: The `punycode` module is deprecated. Please use a userland alternative instead.
(Use `node --trace-deprecation ...` to show where the warning was created)
(node:7) [DEP0005] DeprecationWarning: Buffer() is deprecated due to security and usability issues. Please use the Buffer.alloc(), Buffer.allocUnsafe(), or Buffer.from() methods instead.
Trace: [2025-05-23T21:54:22.980Z] TRACE (GatewayOrchestrator): Entering #getGatewaySeeds()
    at Logger.trace (/opt/cacti/satp-hermes/index.js:207295:24)
    at Logger.trace (/opt/cacti/satp-hermes/index.js:189974:22)
    at getGatewaySeeds (/opt/cacti/satp-hermes/index.js:1004431:12)
    at new GatewayOrchestrator (/opt/cacti/satp-hermes/index.js:1003301:68)
    at new SATPGateway (/opt/cacti/satp-hermes/index.js:1002181:40)
    at launchGateway (/opt/cacti/satp-hermes/index.js:1002012:21)
Trace: [2025-05-23T21:54:22.980Z] TRACE (GatewayOrchestrator): Entering GatewayOrchestrator#addGateways()
    at Logger.trace (/opt/cacti/satp-hermes/index.js:207295:24)
    at Logger.trace (/opt/cacti/satp-hermes/index.js:189974:22)
    at GatewayOrchestrator.addGateways (/opt/cacti/satp-hermes/index.js:1003573:21)
    at new GatewayOrchestrator (/opt/cacti/satp-hermes/index.js:1003307:14)
    at new SATPGateway (/opt/cacti/satp-hermes/index.js:1002181:40)
    at launchGateway (/opt/cacti/satp-hermes/index.js:1002012:21)
[2025-05-23T21:54:22.981Z] WARN (OntologyManager): Ontologies path not provided. Ontologies must be added manually.
Trace: [2025-05-23T21:54:22.987Z] TRACE (SATPManager): Signer logger level: TRACE
    at Logger.trace (/opt/cacti/satp-hermes/index.js:207295:24)
    at Logger.trace (/opt/cacti/satp-hermes/index.js:189974:22)
    at new SATPService (/opt/cacti/satp-hermes/index.js:991539:21)
    at new Stage0ServerService (/opt/cacti/satp-hermes/index.js:991600:9)
    at /opt/cacti/satp-hermes/index.js:1003908:29
    at Array.forEach (<anonymous>)
    at SATPManager.initializeServices (/opt/cacti/satp-hermes/index.js:1003907:24)
    at new SATPManager (/opt/cacti/satp-hermes/index.js:1003740:14)
    at new BLODispatcher (/opt/cacti/satp-hermes/index.js:985639:24)
    at new SATPGateway (/opt/cacti/satp-hermes/index.js:1002214:30)
    at launchGateway (/opt/cacti/satp-hermes/index.js:1002012:21)
Trace: [2025-05-23T21:54:22.987Z] TRACE (SATPManager): Signer logger level: TRACE
    at Logger.trace (/opt/cacti/satp-hermes/index.js:207295:24)
    at Logger.trace (/opt/cacti/satp-hermes/index.js:189974:22)
    at new SATPService (/opt/cacti/satp-hermes/index.js:991539:21)
    at new Stage0ClientService (/opt/cacti/satp-hermes/index.js:990143:9)
    at /opt/cacti/satp-hermes/index.js:1003908:29
    at Array.forEach (<anonymous>)
    at SATPManager.initializeServices (/opt/cacti/satp-hermes/index.js:1003907:24)
    at new SATPManager (/opt/cacti/satp-hermes/index.js:1003740:14)
    at new BLODispatcher (/opt/cacti/satp-hermes/index.js:985639:24)
    at new SATPGateway (/opt/cacti/satp-hermes/index.js:1002214:30)
    at launchGateway (/opt/cacti/satp-hermes/index.js:1002012:21)
Trace: [2025-05-23T21:54:22.987Z] TRACE (SATPManager): Signer logger level: TRACE
    at Logger.trace (/opt/cacti/satp-hermes/index.js:207295:24)
    at Logger.trace (/opt/cacti/satp-hermes/index.js:189974:22)
    at new SATPService (/opt/cacti/satp-hermes/index.js:991539:21)
    at new Stage1ServerService (/opt/cacti/satp-hermes/index.js:991982:9)
    at /opt/cacti/satp-hermes/index.js:1003908:29
    at Array.forEach (<anonymous>)
    at SATPManager.initializeServices (/opt/cacti/satp-hermes/index.js:1003907:24)
    at new SATPManager (/opt/cacti/satp-hermes/index.js:1003740:14)
    at new BLODispatcher (/opt/cacti/satp-hermes/index.js:985639:24)
    at new SATPGateway (/opt/cacti/satp-hermes/index.js:1002214:30)
    at launchGateway (/opt/cacti/satp-hermes/index.js:1002012:21)
Trace: [2025-05-23T21:54:22.987Z] TRACE (SATPManager): Signer logger level: TRACE
    at Logger.trace (/opt/cacti/satp-hermes/index.js:207295:24)
    at Logger.trace (/opt/cacti/satp-hermes/index.js:189974:22)
    at new SATPService (/opt/cacti/satp-hermes/index.js:991539:21)
    at new Stage1ClientService (/opt/cacti/satp-hermes/index.js:990433:9)
    at /opt/cacti/satp-hermes/index.js:1003908:29
    at Array.forEach (<anonymous>)
    at SATPManager.initializeServices (/opt/cacti/satp-hermes/index.js:1003907:24)
    at new SATPManager (/opt/cacti/satp-hermes/index.js:1003740:14)
    at new BLODispatcher (/opt/cacti/satp-hermes/index.js:985639:24)
    at new SATPGateway (/opt/cacti/satp-hermes/index.js:1002214:30)
    at launchGateway (/opt/cacti/satp-hermes/index.js:1002012:21)
Trace: [2025-05-23T21:54:22.987Z] TRACE (SATPManager): Signer logger level: TRACE
    at Logger.trace (/opt/cacti/satp-hermes/index.js:207295:24)
    at Logger.trace (/opt/cacti/satp-hermes/index.js:189974:22)
    at new SATPService (/opt/cacti/satp-hermes/index.js:991539:21)
    at new Stage2ServerService (/opt/cacti/satp-hermes/index.js:992383:9)
    at /opt/cacti/satp-hermes/index.js:1003908:29
    at Array.forEach (<anonymous>)
    at SATPManager.initializeServices (/opt/cacti/satp-hermes/index.js:1003907:24)
    at new SATPManager (/opt/cacti/satp-hermes/index.js:1003740:14)
    at new BLODispatcher (/opt/cacti/satp-hermes/index.js:985639:24)
    at new SATPGateway (/opt/cacti/satp-hermes/index.js:1002214:30)
    at launchGateway (/opt/cacti/satp-hermes/index.js:1002012:21)
Trace: [2025-05-23T21:54:22.988Z] TRACE (SATPManager): Signer logger level: TRACE
    at Logger.trace (/opt/cacti/satp-hermes/index.js:207295:24)
    at Logger.trace (/opt/cacti/satp-hermes/index.js:189974:22)
    at new SATPService (/opt/cacti/satp-hermes/index.js:991539:21)
    at new Stage2ClientService (/opt/cacti/satp-hermes/index.js:990765:9)
    at /opt/cacti/satp-hermes/index.js:1003908:29
    at Array.forEach (<anonymous>)
    at SATPManager.initializeServices (/opt/cacti/satp-hermes/index.js:1003907:24)
    at new SATPManager (/opt/cacti/satp-hermes/index.js:1003740:14)
    at new BLODispatcher (/opt/cacti/satp-hermes/index.js:985639:24)
    at new SATPGateway (/opt/cacti/satp-hermes/index.js:1002214:30)
    at launchGateway (/opt/cacti/satp-hermes/index.js:1002012:21)
Trace: [2025-05-23T21:54:22.988Z] TRACE (SATPManager): Signer logger level: TRACE
    at Logger.trace (/opt/cacti/satp-hermes/index.js:207295:24)
    at Logger.trace (/opt/cacti/satp-hermes/index.js:189974:22)
    at new SATPService (/opt/cacti/satp-hermes/index.js:991539:21)
    at new Stage3ServerService (/opt/cacti/satp-hermes/index.js:992545:9)
    at /opt/cacti/satp-hermes/index.js:1003908:29
    at Array.forEach (<anonymous>)
    at SATPManager.initializeServices (/opt/cacti/satp-hermes/index.js:1003907:24)
    at new SATPManager (/opt/cacti/satp-hermes/index.js:1003740:14)
    at new BLODispatcher (/opt/cacti/satp-hermes/index.js:985639:24)
    at new SATPGateway (/opt/cacti/satp-hermes/index.js:1002214:30)
    at launchGateway (/opt/cacti/satp-hermes/index.js:1002012:21)
Trace: [2025-05-23T21:54:22.988Z] TRACE (SATPManager): Signer logger level: TRACE
    at Logger.trace (/opt/cacti/satp-hermes/index.js:207295:24)
    at Logger.trace (/opt/cacti/satp-hermes/index.js:189974:22)
    at new SATPService (/opt/cacti/satp-hermes/index.js:991539:21)
    at new Stage3ClientService (/opt/cacti/satp-hermes/index.js:990998:9)
    at /opt/cacti/satp-hermes/index.js:1003908:29
    at Array.forEach (<anonymous>)
    at SATPManager.initializeServices (/opt/cacti/satp-hermes/index.js:1003907:24)
    at new SATPManager (/opt/cacti/satp-hermes/index.js:1003740:14)
    at new BLODispatcher (/opt/cacti/satp-hermes/index.js:985639:24)
    at new SATPGateway (/opt/cacti/satp-hermes/index.js:1002214:30)
    at launchGateway (/opt/cacti/satp-hermes/index.js:1002012:21)
Trace: [2025-05-23T21:54:22.989Z] TRACE (SATPHandler-Stage0): Initialized stage-0-handler
    at Logger.trace (/opt/cacti/satp-hermes/index.js:207295:24)
    at Logger.trace (/opt/cacti/satp-hermes/index.js:189974:22)
    at new Stage0SATPHandler (/opt/cacti/satp-hermes/index.js:989432:21)
    at /opt/cacti/satp-hermes/index.js:1003965:33
    at Array.forEach (<anonymous>)
    at SATPManager.initializeHandlers (/opt/cacti/satp-hermes/index.js:1003962:25)
    at new SATPManager (/opt/cacti/satp-hermes/index.js:1003745:14)
    at new BLODispatcher (/opt/cacti/satp-hermes/index.js:985639:24)
    at new SATPGateway (/opt/cacti/satp-hermes/index.js:1002214:30)
    at launchGateway (/opt/cacti/satp-hermes/index.js:1002012:21)
Trace: [2025-05-23T21:54:22.989Z] TRACE (SATPHandler-Stage1): Initialized stage-1-handler
    at Logger.trace (/opt/cacti/satp-hermes/index.js:207295:24)
    at Logger.trace (/opt/cacti/satp-hermes/index.js:189974:22)
    at new Stage1SATPHandler (/opt/cacti/satp-hermes/index.js:989609:21)
    at /opt/cacti/satp-hermes/index.js:1003965:33
    at Array.forEach (<anonymous>)
    at SATPManager.initializeHandlers (/opt/cacti/satp-hermes/index.js:1003962:25)
    at new SATPManager (/opt/cacti/satp-hermes/index.js:1003745:14)
    at new BLODispatcher (/opt/cacti/satp-hermes/index.js:985639:24)
    at new SATPGateway (/opt/cacti/satp-hermes/index.js:1002214:30)
    at launchGateway (/opt/cacti/satp-hermes/index.js:1002012:21)
Trace: [2025-05-23T21:54:22.989Z] TRACE (SATPHandler-Stage2): Initialized stage-2-handler
    at Logger.trace (/opt/cacti/satp-hermes/index.js:207295:24)
    at Logger.trace (/opt/cacti/satp-hermes/index.js:189974:22)
    at new Stage2SATPHandler (/opt/cacti/satp-hermes/index.js:989779:21)
    at /opt/cacti/satp-hermes/index.js:1003965:33
    at Array.forEach (<anonymous>)
    at SATPManager.initializeHandlers (/opt/cacti/satp-hermes/index.js:1003962:25)
    at new SATPManager (/opt/cacti/satp-hermes/index.js:1003745:14)
    at new BLODispatcher (/opt/cacti/satp-hermes/index.js:985639:24)
    at new SATPGateway (/opt/cacti/satp-hermes/index.js:1002214:30)
    at launchGateway (/opt/cacti/satp-hermes/index.js:1002012:21)
Trace: [2025-05-23T21:54:22.989Z] TRACE (SATPHandler-Stage3): Initialized stage-3-handler
    at Logger.trace (/opt/cacti/satp-hermes/index.js:207295:24)
    at Logger.trace (/opt/cacti/satp-hermes/index.js:189974:22)
    at new Stage3SATPHandler (/opt/cacti/satp-hermes/index.js:989889:21)
    at /opt/cacti/satp-hermes/index.js:1003965:33
    at Array.forEach (<anonymous>)
    at SATPManager.initializeHandlers (/opt/cacti/satp-hermes/index.js:1003962:25)
    at new SATPManager (/opt/cacti/satp-hermes/index.js:1003745:14)
    at new BLODispatcher (/opt/cacti/satp-hermes/index.js:985639:24)
    at new SATPGateway (/opt/cacti/satp-hermes/index.js:1002214:30)
    at launchGateway (/opt/cacti/satp-hermes/index.js:1002012:21)
Trace: [2025-05-23T21:54:22.989Z] TRACE (SATPGateway): Entering SATPGateway#startup()
    at Logger.trace (/opt/cacti/satp-hermes/index.js:207295:24)
    at Logger.trace (/opt/cacti/satp-hermes/index.js:189974:22)
    at SATPGateway.startup (/opt/cacti/satp-hermes/index.js:1002393:21)
    at launchGateway (/opt/cacti/satp-hermes/index.js:1002015:23)
Trace: [2025-05-23T21:54:22.992Z] TRACE (SATPGateway): Entering SATPGateway#startupGOLServer()
    at Logger.trace (/opt/cacti/satp-hermes/index.js:207295:24)
    at Logger.trace (/opt/cacti/satp-hermes/index.js:189974:22)
    at SATPGateway.startupGOLServer (/opt/cacti/satp-hermes/index.js:1002468:21)
    at SATPGateway.startup (/opt/cacti/satp-hermes/index.js:1002397:18)
    at launchGateway (/opt/cacti/satp-hermes/index.js:1002015:23)
Trace: [2025-05-23T21:54:23.185Z] TRACE (SATPGateway): Entering SATPGateway#getOrCreateHttpServer()
    at Logger.trace (/opt/cacti/satp-hermes/index.js:207295:24)
    at Logger.trace (/opt/cacti/satp-hermes/index.js:189974:22)
    at SATPGateway.getOrCreateHttpServer (/opt/cacti/satp-hermes/index.js:1002402:21)
    at launchGateway (/opt/cacti/satp-hermes/index.js:1002018:27)
    at process.processTicksAndRejections (node:internal/process/task_queues:95:5)
Trace: [2025-05-23T21:54:24.220Z] TRACE (SATPGateway): Entering SATPGateway#getOrCreateWebServices()
    at Logger.trace (/opt/cacti/satp-hermes/index.js:207295:24)
    at Logger.trace (/opt/cacti/satp-hermes/index.js:189974:22)
    at SATPGateway.getOrCreateWebServices (/opt/cacti/satp-hermes/index.js:1002256:21)
    at /opt/cacti/satp-hermes/index.js:4408:47
    at Array.map (<anonymous>)
    at AuthorizerFactory.getEndpoints (/opt/cacti/satp-hermes/index.js:4408:34)
    at AuthorizerFactory.initOnce (/opt/cacti/satp-hermes/index.js:4401:38)
    at ApiServer.startApiServer (/opt/cacti/satp-hermes/index.js:4180:28)
    at async ApiServer.start (/opt/cacti/satp-hermes/index.js:3684:36)
    at async SATPGateway.getOrCreateHttpServer (/opt/cacti/satp-hermes/index.js:1002439:9)
    at async launchGateway (/opt/cacti/satp-hermes/index.js:1002018:13)
[2025-05-23T21:54:24.221Z] WARN (AuthorizerFactory): The API server configuration specified no authorization protocol. All endpoints are exposed and unprotected. Do not use this in production!
Trace: [2025-05-23T21:54:24.222Z] TRACE (SATPGateway): Entering SATPGateway#getOrCreateWebServices()
    at Logger.trace (/opt/cacti/satp-hermes/index.js:207295:24)
    at Logger.trace (/opt/cacti/satp-hermes/index.js:189974:22)
    at SATPGateway.getOrCreateWebServices (/opt/cacti/satp-hermes/index.js:1002256:21)
    at /opt/cacti/satp-hermes/index.js:4196:21
    at Array.map (<anonymous>)
    at ApiServer.startApiServer (/opt/cacti/satp-hermes/index.js:4194:14)
    at async ApiServer.start (/opt/cacti/satp-hermes/index.js:3684:36)
    at async SATPGateway.getOrCreateHttpServer (/opt/cacti/satp-hermes/index.js:1002439:9)
    at async launchGateway (/opt/cacti/satp-hermes/index.js:1002018:13)
Trace: [2025-05-23T21:54:24.222Z] TRACE (SATPGateway): Entering SATPGateway#getOrCreateWebServices()
    at Logger.trace (/opt/cacti/satp-hermes/index.js:207295:24)
    at Logger.trace (/opt/cacti/satp-hermes/index.js:189974:22)
    at SATPGateway.getOrCreateWebServices (/opt/cacti/satp-hermes/index.js:1002256:21)
    at SATPGateway.registerWebServices (/opt/cacti/satp-hermes/index.js:1002247:40)
    at /opt/cacti/satp-hermes/index.js:4210:37
    at async Promise.all (index 0)
    at async ApiServer.startApiServer (/opt/cacti/satp-hermes/index.js:4213:29)
    at async ApiServer.start (/opt/cacti/satp-hermes/index.js:3684:36)
    at async SATPGateway.getOrCreateHttpServer (/opt/cacti/satp-hermes/index.js:1002439:9)
    at async launchGateway (/opt/cacti/satp-hermes/index.js:1002018:13)
[2025-05-23T21:54:43.945Z] ERROR (OracleRegisterTaskEndpointV1): post - /api/v1/@hyperledger/cactus-plugin-satp-hermes/oracle/register Failed to register task: {"name":"MissingParameterRegisterError","stack":"RuntimeError: Missing required parameters for READ task and mode READ_AND_UPDATE: sourceNetworkId, sourceContract, sourceContract.contractName\n    at registerTask (/opt/cacti/satp-hermes/index.js:986369:23)\n    at BLODispatcher.OracleRegisterTask (/opt/cacti/satp-hermes/index.js:985856:78)\n    at OracleRegisterTaskEndpointV1.handleRequest (/opt/cacti/satp-hermes/index.js:986303:58)\n    at Layer.handleRequest (/opt/cacti/satp-hermes/index.js:136802:17)\n    at next (/opt/cacti/satp-hermes/index.js:137062:13)\n    at /opt/cacti/satp-hermes/index.js:248101:14\n    at Layer.handleRequest (/opt/cacti/satp-hermes/index.js:136802:17)\n    at next (/opt/cacti/satp-hermes/index.js:137062:13)\n    at Route.dispatch (/opt/cacti/satp-hermes/index.js:137022:3)\n    at handle (/opt/cacti/satp-hermes/index.js:136329:11)\n    at Layer.handleRequest (/opt/cacti/satp-hermes/index.js:136802:17)\n    at /opt/cacti/satp-hermes/index.js:136189:15\n    at processParams (/opt/cacti/satp-hermes/index.js:136476:12)\n    at next (/opt/cacti/satp-hermes/index.js:136185:5)\n    at /opt/cacti/satp-hermes/index.js:38657:5\n    at AsyncResource.runInAsyncScope (node:async_hooks:206:9)\n    at invokeCallback (/opt/cacti/satp-hermes/index.js:131762:16)\n    at done (/opt/cacti/satp-hermes/index.js:131751:7)\n    at IncomingMessage.onEnd (/opt/cacti/satp-hermes/index.js:131811:7)\n    at IncomingMessage.emit (node:events:520:28)\n    at endReadableNT (node:internal/streams/readable:1696:12)\n    at process.processTicksAndRejections (node:internal/process/task_queues:82:21)","message":"Missing required parameters for READ task and mode READ_AND_UPDATE: sourceNetworkId, sourceContract, sourceContract.contractName","cause":null,"code":400}
Trace: [2025-05-23T22:02:02.082Z] TRACE (SATPGateway): Entering SATPGateway#verifySessionsState()
    at Logger.trace (/opt/cacti/satp-hermes/index.js:207295:24)
    at Logger.trace (/opt/cacti/satp-hermes/index.js:189974:22)
    at SATPGateway.verifySessionsState (/opt/cacti/satp-hermes/index.js:1002648:21)
    at SATPGateway.shutdown (/opt/cacti/satp-hermes/index.js:1002538:24)
    at /opt/cacti/satp-hermes/index.js:3870:35
    at Array.map (<anonymous>)
    at ApiServer.shutdown (/opt/cacti/satp-hermes/index.js:3869:14)
    at process.processTicksAndRejections (node:internal/process/task_queues:95:5)
Trace: [2025-05-23T22:02:02.083Z] TRACE (SATPGateway): Entering SATPGateway#verifySessionsState()
    at Logger.trace (/opt/cacti/satp-hermes/index.js:207295:24)
    at Logger.trace (/opt/cacti/satp-hermes/index.js:189974:22)
    at SATPGateway.verifySessionsState (/opt/cacti/satp-hermes/index.js:1002648:21)
    at SATPGateway.shutdown (/opt/cacti/satp-hermes/index.js:1002538:24)
    at /opt/cacti/satp-hermes/index.js:3870:35
    at Array.map (<anonymous>)
    at ApiServer.shutdown (/opt/cacti/satp-hermes/index.js:3869:14)
    at process.processTicksAndRejections (node:internal/process/task_queues:95:5)
[2025-05-23T22:02:02.086Z] ERROR (GatewayOrchestrator): Disconnect All Not implemented
(node:7) [DEP0040] DeprecationWarning: The `punycode` module is deprecated. Please use a userland alternative instead.
(Use `node --trace-deprecation ...` to show where the warning was created)
(node:7) [DEP0005] DeprecationWarning: Buffer() is deprecated due to security and usability issues. Please use the Buffer.alloc(), Buffer.allocUnsafe(), or Buffer.from() methods instead.
Trace: [2025-05-23T22:02:09.643Z] TRACE (GatewayOrchestrator): Entering #getGatewaySeeds()
    at Logger.trace (/opt/cacti/satp-hermes/index.js:207295:24)
    at Logger.trace (/opt/cacti/satp-hermes/index.js:189974:22)
    at getGatewaySeeds (/opt/cacti/satp-hermes/index.js:1004431:12)
    at new GatewayOrchestrator (/opt/cacti/satp-hermes/index.js:1003301:68)
    at new SATPGateway (/opt/cacti/satp-hermes/index.js:1002181:40)
    at launchGateway (/opt/cacti/satp-hermes/index.js:1002012:21)
Trace: [2025-05-23T22:02:09.643Z] TRACE (GatewayOrchestrator): Entering GatewayOrchestrator#addGateways()
    at Logger.trace (/opt/cacti/satp-hermes/index.js:207295:24)
    at Logger.trace (/opt/cacti/satp-hermes/index.js:189974:22)
    at GatewayOrchestrator.addGateways (/opt/cacti/satp-hermes/index.js:1003573:21)
    at new GatewayOrchestrator (/opt/cacti/satp-hermes/index.js:1003307:14)
    at new SATPGateway (/opt/cacti/satp-hermes/index.js:1002181:40)
    at launchGateway (/opt/cacti/satp-hermes/index.js:1002012:21)
[2025-05-23T22:02:09.644Z] WARN (OntologyManager): Ontologies path not provided. Ontologies must be added manually.
Trace: [2025-05-23T22:02:09.650Z] TRACE (SATPManager): Signer logger level: TRACE
    at Logger.trace (/opt/cacti/satp-hermes/index.js:207295:24)
    at Logger.trace (/opt/cacti/satp-hermes/index.js:189974:22)
    at new SATPService (/opt/cacti/satp-hermes/index.js:991539:21)
    at new Stage0ServerService (/opt/cacti/satp-hermes/index.js:991600:9)
    at /opt/cacti/satp-hermes/index.js:1003908:29
    at Array.forEach (<anonymous>)
    at SATPManager.initializeServices (/opt/cacti/satp-hermes/index.js:1003907:24)
    at new SATPManager (/opt/cacti/satp-hermes/index.js:1003740:14)
    at new BLODispatcher (/opt/cacti/satp-hermes/index.js:985639:24)
    at new SATPGateway (/opt/cacti/satp-hermes/index.js:1002214:30)
    at launchGateway (/opt/cacti/satp-hermes/index.js:1002012:21)
Trace: [2025-05-23T22:02:09.650Z] TRACE (SATPManager): Signer logger level: TRACE
    at Logger.trace (/opt/cacti/satp-hermes/index.js:207295:24)
    at Logger.trace (/opt/cacti/satp-hermes/index.js:189974:22)
    at new SATPService (/opt/cacti/satp-hermes/index.js:991539:21)
    at new Stage0ClientService (/opt/cacti/satp-hermes/index.js:990143:9)
    at /opt/cacti/satp-hermes/index.js:1003908:29
    at Array.forEach (<anonymous>)
    at SATPManager.initializeServices (/opt/cacti/satp-hermes/index.js:1003907:24)
    at new SATPManager (/opt/cacti/satp-hermes/index.js:1003740:14)
    at new BLODispatcher (/opt/cacti/satp-hermes/index.js:985639:24)
    at new SATPGateway (/opt/cacti/satp-hermes/index.js:1002214:30)
    at launchGateway (/opt/cacti/satp-hermes/index.js:1002012:21)
Trace: [2025-05-23T22:02:09.650Z] TRACE (SATPManager): Signer logger level: TRACE
    at Logger.trace (/opt/cacti/satp-hermes/index.js:207295:24)
    at Logger.trace (/opt/cacti/satp-hermes/index.js:189974:22)
    at new SATPService (/opt/cacti/satp-hermes/index.js:991539:21)
    at new Stage1ServerService (/opt/cacti/satp-hermes/index.js:991982:9)
    at /opt/cacti/satp-hermes/index.js:1003908:29
    at Array.forEach (<anonymous>)
    at SATPManager.initializeServices (/opt/cacti/satp-hermes/index.js:1003907:24)
    at new SATPManager (/opt/cacti/satp-hermes/index.js:1003740:14)
    at new BLODispatcher (/opt/cacti/satp-hermes/index.js:985639:24)
    at new SATPGateway (/opt/cacti/satp-hermes/index.js:1002214:30)
    at launchGateway (/opt/cacti/satp-hermes/index.js:1002012:21)
Trace: [2025-05-23T22:02:09.650Z] TRACE (SATPManager): Signer logger level: TRACE
    at Logger.trace (/opt/cacti/satp-hermes/index.js:207295:24)
    at Logger.trace (/opt/cacti/satp-hermes/index.js:189974:22)
    at new SATPService (/opt/cacti/satp-hermes/index.js:991539:21)
    at new Stage1ClientService (/opt/cacti/satp-hermes/index.js:990433:9)
    at /opt/cacti/satp-hermes/index.js:1003908:29
    at Array.forEach (<anonymous>)
    at SATPManager.initializeServices (/opt/cacti/satp-hermes/index.js:1003907:24)
    at new SATPManager (/opt/cacti/satp-hermes/index.js:1003740:14)
    at new BLODispatcher (/opt/cacti/satp-hermes/index.js:985639:24)
    at new SATPGateway (/opt/cacti/satp-hermes/index.js:1002214:30)
    at launchGateway (/opt/cacti/satp-hermes/index.js:1002012:21)
Trace: [2025-05-23T22:02:09.650Z] TRACE (SATPManager): Signer logger level: TRACE
    at Logger.trace (/opt/cacti/satp-hermes/index.js:207295:24)
    at Logger.trace (/opt/cacti/satp-hermes/index.js:189974:22)
    at new SATPService (/opt/cacti/satp-hermes/index.js:991539:21)
    at new Stage2ServerService (/opt/cacti/satp-hermes/index.js:992383:9)
    at /opt/cacti/satp-hermes/index.js:1003908:29
    at Array.forEach (<anonymous>)
    at SATPManager.initializeServices (/opt/cacti/satp-hermes/index.js:1003907:24)
    at new SATPManager (/opt/cacti/satp-hermes/index.js:1003740:14)
    at new BLODispatcher (/opt/cacti/satp-hermes/index.js:985639:24)
    at new SATPGateway (/opt/cacti/satp-hermes/index.js:1002214:30)
    at launchGateway (/opt/cacti/satp-hermes/index.js:1002012:21)
Trace: [2025-05-23T22:02:09.650Z] TRACE (SATPManager): Signer logger level: TRACE
    at Logger.trace (/opt/cacti/satp-hermes/index.js:207295:24)
    at Logger.trace (/opt/cacti/satp-hermes/index.js:189974:22)
    at new SATPService (/opt/cacti/satp-hermes/index.js:991539:21)
    at new Stage2ClientService (/opt/cacti/satp-hermes/index.js:990765:9)
    at /opt/cacti/satp-hermes/index.js:1003908:29
    at Array.forEach (<anonymous>)
    at SATPManager.initializeServices (/opt/cacti/satp-hermes/index.js:1003907:24)
    at new SATPManager (/opt/cacti/satp-hermes/index.js:1003740:14)
    at new BLODispatcher (/opt/cacti/satp-hermes/index.js:985639:24)
    at new SATPGateway (/opt/cacti/satp-hermes/index.js:1002214:30)
    at launchGateway (/opt/cacti/satp-hermes/index.js:1002012:21)
Trace: [2025-05-23T22:02:09.650Z] TRACE (SATPManager): Signer logger level: TRACE
    at Logger.trace (/opt/cacti/satp-hermes/index.js:207295:24)
    at Logger.trace (/opt/cacti/satp-hermes/index.js:189974:22)
    at new SATPService (/opt/cacti/satp-hermes/index.js:991539:21)
    at new Stage3ServerService (/opt/cacti/satp-hermes/index.js:992545:9)
    at /opt/cacti/satp-hermes/index.js:1003908:29
    at Array.forEach (<anonymous>)
    at SATPManager.initializeServices (/opt/cacti/satp-hermes/index.js:1003907:24)
    at new SATPManager (/opt/cacti/satp-hermes/index.js:1003740:14)
    at new BLODispatcher (/opt/cacti/satp-hermes/index.js:985639:24)
    at new SATPGateway (/opt/cacti/satp-hermes/index.js:1002214:30)
    at launchGateway (/opt/cacti/satp-hermes/index.js:1002012:21)
Trace: [2025-05-23T22:02:09.651Z] TRACE (SATPManager): Signer logger level: TRACE
    at Logger.trace (/opt/cacti/satp-hermes/index.js:207295:24)
    at Logger.trace (/opt/cacti/satp-hermes/index.js:189974:22)
    at new SATPService (/opt/cacti/satp-hermes/index.js:991539:21)
    at new Stage3ClientService (/opt/cacti/satp-hermes/index.js:990998:9)
    at /opt/cacti/satp-hermes/index.js:1003908:29
    at Array.forEach (<anonymous>)
    at SATPManager.initializeServices (/opt/cacti/satp-hermes/index.js:1003907:24)
    at new SATPManager (/opt/cacti/satp-hermes/index.js:1003740:14)
    at new BLODispatcher (/opt/cacti/satp-hermes/index.js:985639:24)
    at new SATPGateway (/opt/cacti/satp-hermes/index.js:1002214:30)
    at launchGateway (/opt/cacti/satp-hermes/index.js:1002012:21)
Trace: [2025-05-23T22:02:09.651Z] TRACE (SATPHandler-Stage0): Initialized stage-0-handler
    at Logger.trace (/opt/cacti/satp-hermes/index.js:207295:24)
    at Logger.trace (/opt/cacti/satp-hermes/index.js:189974:22)
    at new Stage0SATPHandler (/opt/cacti/satp-hermes/index.js:989432:21)
    at /opt/cacti/satp-hermes/index.js:1003965:33
    at Array.forEach (<anonymous>)
    at SATPManager.initializeHandlers (/opt/cacti/satp-hermes/index.js:1003962:25)
    at new SATPManager (/opt/cacti/satp-hermes/index.js:1003745:14)
    at new BLODispatcher (/opt/cacti/satp-hermes/index.js:985639:24)
    at new SATPGateway (/opt/cacti/satp-hermes/index.js:1002214:30)
    at launchGateway (/opt/cacti/satp-hermes/index.js:1002012:21)
Trace: [2025-05-23T22:02:09.651Z] TRACE (SATPHandler-Stage1): Initialized stage-1-handler
    at Logger.trace (/opt/cacti/satp-hermes/index.js:207295:24)
    at Logger.trace (/opt/cacti/satp-hermes/index.js:189974:22)
    at new Stage1SATPHandler (/opt/cacti/satp-hermes/index.js:989609:21)
    at /opt/cacti/satp-hermes/index.js:1003965:33
    at Array.forEach (<anonymous>)
    at SATPManager.initializeHandlers (/opt/cacti/satp-hermes/index.js:1003962:25)
    at new SATPManager (/opt/cacti/satp-hermes/index.js:1003745:14)
    at new BLODispatcher (/opt/cacti/satp-hermes/index.js:985639:24)
    at new SATPGateway (/opt/cacti/satp-hermes/index.js:1002214:30)
    at launchGateway (/opt/cacti/satp-hermes/index.js:1002012:21)
Trace: [2025-05-23T22:02:09.651Z] TRACE (SATPHandler-Stage2): Initialized stage-2-handler
    at Logger.trace (/opt/cacti/satp-hermes/index.js:207295:24)
    at Logger.trace (/opt/cacti/satp-hermes/index.js:189974:22)
    at new Stage2SATPHandler (/opt/cacti/satp-hermes/index.js:989779:21)
    at /opt/cacti/satp-hermes/index.js:1003965:33
    at Array.forEach (<anonymous>)
    at SATPManager.initializeHandlers (/opt/cacti/satp-hermes/index.js:1003962:25)
    at new SATPManager (/opt/cacti/satp-hermes/index.js:1003745:14)
    at new BLODispatcher (/opt/cacti/satp-hermes/index.js:985639:24)
    at new SATPGateway (/opt/cacti/satp-hermes/index.js:1002214:30)
    at launchGateway (/opt/cacti/satp-hermes/index.js:1002012:21)
Trace: [2025-05-23T22:02:09.652Z] TRACE (SATPHandler-Stage3): Initialized stage-3-handler
    at Logger.trace (/opt/cacti/satp-hermes/index.js:207295:24)
    at Logger.trace (/opt/cacti/satp-hermes/index.js:189974:22)
    at new Stage3SATPHandler (/opt/cacti/satp-hermes/index.js:989889:21)
    at /opt/cacti/satp-hermes/index.js:1003965:33
    at Array.forEach (<anonymous>)
    at SATPManager.initializeHandlers (/opt/cacti/satp-hermes/index.js:1003962:25)
    at new SATPManager (/opt/cacti/satp-hermes/index.js:1003745:14)
    at new BLODispatcher (/opt/cacti/satp-hermes/index.js:985639:24)
    at new SATPGateway (/opt/cacti/satp-hermes/index.js:1002214:30)
    at launchGateway (/opt/cacti/satp-hermes/index.js:1002012:21)
Trace: [2025-05-23T22:02:09.652Z] TRACE (SATPGateway): Entering SATPGateway#startup()
    at Logger.trace (/opt/cacti/satp-hermes/index.js:207295:24)
    at Logger.trace (/opt/cacti/satp-hermes/index.js:189974:22)
    at SATPGateway.startup (/opt/cacti/satp-hermes/index.js:1002393:21)
    at launchGateway (/opt/cacti/satp-hermes/index.js:1002015:23)
Trace: [2025-05-23T22:02:09.655Z] TRACE (SATPGateway): Entering SATPGateway#startupGOLServer()
    at Logger.trace (/opt/cacti/satp-hermes/index.js:207295:24)
    at Logger.trace (/opt/cacti/satp-hermes/index.js:189974:22)
    at SATPGateway.startupGOLServer (/opt/cacti/satp-hermes/index.js:1002468:21)
    at SATPGateway.startup (/opt/cacti/satp-hermes/index.js:1002397:18)
    at launchGateway (/opt/cacti/satp-hermes/index.js:1002015:23)
Trace: [2025-05-23T22:02:09.734Z] TRACE (SATPGateway): Entering SATPGateway#getOrCreateHttpServer()
    at Logger.trace (/opt/cacti/satp-hermes/index.js:207295:24)
    at Logger.trace (/opt/cacti/satp-hermes/index.js:189974:22)
    at SATPGateway.getOrCreateHttpServer (/opt/cacti/satp-hermes/index.js:1002402:21)
    at launchGateway (/opt/cacti/satp-hermes/index.js:1002018:27)
    at process.processTicksAndRejections (node:internal/process/task_queues:95:5)
Trace: [2025-05-23T22:02:11.209Z] TRACE (SATPGateway): Entering SATPGateway#getOrCreateWebServices()
    at Logger.trace (/opt/cacti/satp-hermes/index.js:207295:24)
    at Logger.trace (/opt/cacti/satp-hermes/index.js:189974:22)
    at SATPGateway.getOrCreateWebServices (/opt/cacti/satp-hermes/index.js:1002256:21)
    at /opt/cacti/satp-hermes/index.js:4408:47
    at Array.map (<anonymous>)
    at AuthorizerFactory.getEndpoints (/opt/cacti/satp-hermes/index.js:4408:34)
    at AuthorizerFactory.initOnce (/opt/cacti/satp-hermes/index.js:4401:38)
    at ApiServer.startApiServer (/opt/cacti/satp-hermes/index.js:4180:28)
    at async ApiServer.start (/opt/cacti/satp-hermes/index.js:3684:36)
    at async SATPGateway.getOrCreateHttpServer (/opt/cacti/satp-hermes/index.js:1002439:9)
    at async launchGateway (/opt/cacti/satp-hermes/index.js:1002018:13)
[2025-05-23T22:02:11.216Z] WARN (AuthorizerFactory): The API server configuration specified no authorization protocol. All endpoints are exposed and unprotected. Do not use this in production!
Trace: [2025-05-23T22:02:11.216Z] TRACE (SATPGateway): Entering SATPGateway#getOrCreateWebServices()
    at Logger.trace (/opt/cacti/satp-hermes/index.js:207295:24)
    at Logger.trace (/opt/cacti/satp-hermes/index.js:189974:22)
    at SATPGateway.getOrCreateWebServices (/opt/cacti/satp-hermes/index.js:1002256:21)
    at /opt/cacti/satp-hermes/index.js:4196:21
    at Array.map (<anonymous>)
    at ApiServer.startApiServer (/opt/cacti/satp-hermes/index.js:4194:14)
    at async ApiServer.start (/opt/cacti/satp-hermes/index.js:3684:36)
    at async SATPGateway.getOrCreateHttpServer (/opt/cacti/satp-hermes/index.js:1002439:9)
    at async launchGateway (/opt/cacti/satp-hermes/index.js:1002018:13)
Trace: [2025-05-23T22:02:11.216Z] TRACE (SATPGateway): Entering SATPGateway#getOrCreateWebServices()
    at Logger.trace (/opt/cacti/satp-hermes/index.js:207295:24)
    at Logger.trace (/opt/cacti/satp-hermes/index.js:189974:22)
    at SATPGateway.getOrCreateWebServices (/opt/cacti/satp-hermes/index.js:1002256:21)
    at SATPGateway.registerWebServices (/opt/cacti/satp-hermes/index.js:1002247:40)
    at /opt/cacti/satp-hermes/index.js:4210:37
    at async Promise.all (index 0)
    at async ApiServer.startApiServer (/opt/cacti/satp-hermes/index.js:4213:29)
    at async ApiServer.start (/opt/cacti/satp-hermes/index.js:3684:36)
    at async SATPGateway.getOrCreateHttpServer (/opt/cacti/satp-hermes/index.js:1002439:9)
    at async launchGateway (/opt/cacti/satp-hermes/index.js:1002018:13)
[2025-05-23T22:02:31.214Z] ERROR (GetOracleStatusEndpointV1): get - /api/v1/@hyperledger/cactus-plugin-satp-hermes/oracle/status Failed to get status: {"name":"TaskNotFoundError","stack":"RuntimeError: Task with 71c4b8e7-92cc-4d2d-9820-dbf981f36146 not found\n    at OracleManager.getTask (/opt/cacti/satp-hermes/index.js:997777:19)\n    at getTaskStatus (/opt/cacti/satp-hermes/index.js:986204:26)\n    at BLODispatcher.OracleGetTaskStatus (/opt/cacti/satp-hermes/index.js:985870:76)\n    at GetOracleStatusEndpointV1.handleRequest (/opt/cacti/satp-hermes/index.js:986172:58)\n    at Layer.handleRequest (/opt/cacti/satp-hermes/index.js:136802:17)\n    at next (/opt/cacti/satp-hermes/index.js:137062:13)\n    at /opt/cacti/satp-hermes/index.js:248101:14\n    at Layer.handleRequest (/opt/cacti/satp-hermes/index.js:136802:17)\n    at next (/opt/cacti/satp-hermes/index.js:137062:13)\n    at Route.dispatch (/opt/cacti/satp-hermes/index.js:137022:3)\n    at handle (/opt/cacti/satp-hermes/index.js:136329:11)\n    at Layer.handleRequest (/opt/cacti/satp-hermes/index.js:136802:17)\n    at /opt/cacti/satp-hermes/index.js:136189:15\n    at processParams (/opt/cacti/satp-hermes/index.js:136476:12)\n    at next (/opt/cacti/satp-hermes/index.js:136185:5)\n    at jsonParser (/opt/cacti/satp-hermes/index.js:38859:7)\n    at Layer.handleRequest (/opt/cacti/satp-hermes/index.js:136802:17)\n    at trimPrefix (/opt/cacti/satp-hermes/index.js:136236:13)\n    at /opt/cacti/satp-hermes/index.js:136191:9\n    at processParams (/opt/cacti/satp-hermes/index.js:136476:12)\n    at next (/opt/cacti/satp-hermes/index.js:136185:5)\n    at cors (/opt/cacti/satp-hermes/index.js:46634:7)","message":"Task with 71c4b8e7-92cc-4d2d-9820-dbf981f36146 not found","cause":null,"code":404}
Trace: [2025-05-23T22:05:30.040Z] TRACE (SATPGateway): Entering SATPGateway#verifySessionsState()
    at Logger.trace (/opt/cacti/satp-hermes/index.js:207295:24)
    at Logger.trace (/opt/cacti/satp-hermes/index.js:189974:22)
    at SATPGateway.verifySessionsState (/opt/cacti/satp-hermes/index.js:1002648:21)
    at SATPGateway.shutdown (/opt/cacti/satp-hermes/index.js:1002538:24)
    at /opt/cacti/satp-hermes/index.js:3870:35
    at Array.map (<anonymous>)
    at ApiServer.shutdown (/opt/cacti/satp-hermes/index.js:3869:14)
    at process.processTicksAndRejections (node:internal/process/task_queues:95:5)
Trace: [2025-05-23T22:05:30.041Z] TRACE (SATPGateway): Entering SATPGateway#verifySessionsState()
    at Logger.trace (/opt/cacti/satp-hermes/index.js:207295:24)
    at Logger.trace (/opt/cacti/satp-hermes/index.js:189974:22)
    at SATPGateway.verifySessionsState (/opt/cacti/satp-hermes/index.js:1002648:21)
    at SATPGateway.shutdown (/opt/cacti/satp-hermes/index.js:1002538:24)
    at /opt/cacti/satp-hermes/index.js:3870:35
    at Array.map (<anonymous>)
    at ApiServer.shutdown (/opt/cacti/satp-hermes/index.js:3869:14)
    at process.processTicksAndRejections (node:internal/process/task_queues:95:5)
[2025-05-23T22:05:30.044Z] ERROR (GatewayOrchestrator): Disconnect All Not implemented
(node:7) [DEP0040] DeprecationWarning: The `punycode` module is deprecated. Please use a userland alternative instead.
(Use `node --trace-deprecation ...` to show where the warning was created)
(node:7) [DEP0005] DeprecationWarning: Buffer() is deprecated due to security and usability issues. Please use the Buffer.alloc(), Buffer.allocUnsafe(), or Buffer.from() methods instead.
Trace: [2025-05-23T22:20:29.527Z] TRACE (GatewayOrchestrator): Entering #getGatewaySeeds()
    at Logger.trace (/opt/cacti/satp-hermes/index.js:207295:24)
    at Logger.trace (/opt/cacti/satp-hermes/index.js:189974:22)
    at getGatewaySeeds (/opt/cacti/satp-hermes/index.js:1004431:12)
    at new GatewayOrchestrator (/opt/cacti/satp-hermes/index.js:1003301:68)
    at new SATPGateway (/opt/cacti/satp-hermes/index.js:1002181:40)
    at launchGateway (/opt/cacti/satp-hermes/index.js:1002012:21)
Trace: [2025-05-23T22:20:29.527Z] TRACE (GatewayOrchestrator): Entering GatewayOrchestrator#addGateways()
    at Logger.trace (/opt/cacti/satp-hermes/index.js:207295:24)
    at Logger.trace (/opt/cacti/satp-hermes/index.js:189974:22)
    at GatewayOrchestrator.addGateways (/opt/cacti/satp-hermes/index.js:1003573:21)
    at new GatewayOrchestrator (/opt/cacti/satp-hermes/index.js:1003307:14)
    at new SATPGateway (/opt/cacti/satp-hermes/index.js:1002181:40)
    at launchGateway (/opt/cacti/satp-hermes/index.js:1002012:21)
[2025-05-23T22:20:29.528Z] WARN (OntologyManager): Ontologies path not provided. Ontologies must be added manually.
Trace: [2025-05-23T22:20:29.539Z] TRACE (SATPManager): Signer logger level: TRACE
    at Logger.trace (/opt/cacti/satp-hermes/index.js:207295:24)
    at Logger.trace (/opt/cacti/satp-hermes/index.js:189974:22)
    at new SATPService (/opt/cacti/satp-hermes/index.js:991539:21)
    at new Stage0ServerService (/opt/cacti/satp-hermes/index.js:991600:9)
    at /opt/cacti/satp-hermes/index.js:1003908:29
    at Array.forEach (<anonymous>)
    at SATPManager.initializeServices (/opt/cacti/satp-hermes/index.js:1003907:24)
    at new SATPManager (/opt/cacti/satp-hermes/index.js:1003740:14)
    at new BLODispatcher (/opt/cacti/satp-hermes/index.js:985639:24)
    at new SATPGateway (/opt/cacti/satp-hermes/index.js:1002214:30)
    at launchGateway (/opt/cacti/satp-hermes/index.js:1002012:21)
Trace: [2025-05-23T22:20:29.539Z] TRACE (SATPManager): Signer logger level: TRACE
    at Logger.trace (/opt/cacti/satp-hermes/index.js:207295:24)
    at Logger.trace (/opt/cacti/satp-hermes/index.js:189974:22)
    at new SATPService (/opt/cacti/satp-hermes/index.js:991539:21)
    at new Stage0ClientService (/opt/cacti/satp-hermes/index.js:990143:9)
    at /opt/cacti/satp-hermes/index.js:1003908:29
    at Array.forEach (<anonymous>)
    at SATPManager.initializeServices (/opt/cacti/satp-hermes/index.js:1003907:24)
    at new SATPManager (/opt/cacti/satp-hermes/index.js:1003740:14)
    at new BLODispatcher (/opt/cacti/satp-hermes/index.js:985639:24)
    at new SATPGateway (/opt/cacti/satp-hermes/index.js:1002214:30)
    at launchGateway (/opt/cacti/satp-hermes/index.js:1002012:21)
Trace: [2025-05-23T22:20:29.540Z] TRACE (SATPManager): Signer logger level: TRACE
    at Logger.trace (/opt/cacti/satp-hermes/index.js:207295:24)
    at Logger.trace (/opt/cacti/satp-hermes/index.js:189974:22)
    at new SATPService (/opt/cacti/satp-hermes/index.js:991539:21)
    at new Stage1ServerService (/opt/cacti/satp-hermes/index.js:991982:9)
    at /opt/cacti/satp-hermes/index.js:1003908:29
    at Array.forEach (<anonymous>)
    at SATPManager.initializeServices (/opt/cacti/satp-hermes/index.js:1003907:24)
    at new SATPManager (/opt/cacti/satp-hermes/index.js:1003740:14)
    at new BLODispatcher (/opt/cacti/satp-hermes/index.js:985639:24)
    at new SATPGateway (/opt/cacti/satp-hermes/index.js:1002214:30)
    at launchGateway (/opt/cacti/satp-hermes/index.js:1002012:21)
Trace: [2025-05-23T22:20:29.540Z] TRACE (SATPManager): Signer logger level: TRACE
    at Logger.trace (/opt/cacti/satp-hermes/index.js:207295:24)
    at Logger.trace (/opt/cacti/satp-hermes/index.js:189974:22)
    at new SATPService (/opt/cacti/satp-hermes/index.js:991539:21)
    at new Stage1ClientService (/opt/cacti/satp-hermes/index.js:990433:9)
    at /opt/cacti/satp-hermes/index.js:1003908:29
    at Array.forEach (<anonymous>)
    at SATPManager.initializeServices (/opt/cacti/satp-hermes/index.js:1003907:24)
    at new SATPManager (/opt/cacti/satp-hermes/index.js:1003740:14)
    at new BLODispatcher (/opt/cacti/satp-hermes/index.js:985639:24)
    at new SATPGateway (/opt/cacti/satp-hermes/index.js:1002214:30)
    at launchGateway (/opt/cacti/satp-hermes/index.js:1002012:21)
Trace: [2025-05-23T22:20:29.540Z] TRACE (SATPManager): Signer logger level: TRACE
    at Logger.trace (/opt/cacti/satp-hermes/index.js:207295:24)
    at Logger.trace (/opt/cacti/satp-hermes/index.js:189974:22)
    at new SATPService (/opt/cacti/satp-hermes/index.js:991539:21)
    at new Stage2ServerService (/opt/cacti/satp-hermes/index.js:992383:9)
    at /opt/cacti/satp-hermes/index.js:1003908:29
    at Array.forEach (<anonymous>)
    at SATPManager.initializeServices (/opt/cacti/satp-hermes/index.js:1003907:24)
    at new SATPManager (/opt/cacti/satp-hermes/index.js:1003740:14)
    at new BLODispatcher (/opt/cacti/satp-hermes/index.js:985639:24)
    at new SATPGateway (/opt/cacti/satp-hermes/index.js:1002214:30)
    at launchGateway (/opt/cacti/satp-hermes/index.js:1002012:21)
Trace: [2025-05-23T22:20:29.540Z] TRACE (SATPManager): Signer logger level: TRACE
    at Logger.trace (/opt/cacti/satp-hermes/index.js:207295:24)
    at Logger.trace (/opt/cacti/satp-hermes/index.js:189974:22)
    at new SATPService (/opt/cacti/satp-hermes/index.js:991539:21)
    at new Stage2ClientService (/opt/cacti/satp-hermes/index.js:990765:9)
    at /opt/cacti/satp-hermes/index.js:1003908:29
    at Array.forEach (<anonymous>)
    at SATPManager.initializeServices (/opt/cacti/satp-hermes/index.js:1003907:24)
    at new SATPManager (/opt/cacti/satp-hermes/index.js:1003740:14)
    at new BLODispatcher (/opt/cacti/satp-hermes/index.js:985639:24)
    at new SATPGateway (/opt/cacti/satp-hermes/index.js:1002214:30)
    at launchGateway (/opt/cacti/satp-hermes/index.js:1002012:21)
Trace: [2025-05-23T22:20:29.540Z] TRACE (SATPManager): Signer logger level: TRACE
    at Logger.trace (/opt/cacti/satp-hermes/index.js:207295:24)
    at Logger.trace (/opt/cacti/satp-hermes/index.js:189974:22)
    at new SATPService (/opt/cacti/satp-hermes/index.js:991539:21)
    at new Stage3ServerService (/opt/cacti/satp-hermes/index.js:992545:9)
    at /opt/cacti/satp-hermes/index.js:1003908:29
    at Array.forEach (<anonymous>)
    at SATPManager.initializeServices (/opt/cacti/satp-hermes/index.js:1003907:24)
    at new SATPManager (/opt/cacti/satp-hermes/index.js:1003740:14)
    at new BLODispatcher (/opt/cacti/satp-hermes/index.js:985639:24)
    at new SATPGateway (/opt/cacti/satp-hermes/index.js:1002214:30)
    at launchGateway (/opt/cacti/satp-hermes/index.js:1002012:21)
Trace: [2025-05-23T22:20:29.541Z] TRACE (SATPManager): Signer logger level: TRACE
    at Logger.trace (/opt/cacti/satp-hermes/index.js:207295:24)
    at Logger.trace (/opt/cacti/satp-hermes/index.js:189974:22)
    at new SATPService (/opt/cacti/satp-hermes/index.js:991539:21)
    at new Stage3ClientService (/opt/cacti/satp-hermes/index.js:990998:9)
    at /opt/cacti/satp-hermes/index.js:1003908:29
    at Array.forEach (<anonymous>)
    at SATPManager.initializeServices (/opt/cacti/satp-hermes/index.js:1003907:24)
    at new SATPManager (/opt/cacti/satp-hermes/index.js:1003740:14)
    at new BLODispatcher (/opt/cacti/satp-hermes/index.js:985639:24)
    at new SATPGateway (/opt/cacti/satp-hermes/index.js:1002214:30)
    at launchGateway (/opt/cacti/satp-hermes/index.js:1002012:21)
Trace: [2025-05-23T22:20:29.541Z] TRACE (SATPHandler-Stage0): Initialized stage-0-handler
    at Logger.trace (/opt/cacti/satp-hermes/index.js:207295:24)
    at Logger.trace (/opt/cacti/satp-hermes/index.js:189974:22)
    at new Stage0SATPHandler (/opt/cacti/satp-hermes/index.js:989432:21)
    at /opt/cacti/satp-hermes/index.js:1003965:33
    at Array.forEach (<anonymous>)
    at SATPManager.initializeHandlers (/opt/cacti/satp-hermes/index.js:1003962:25)
    at new SATPManager (/opt/cacti/satp-hermes/index.js:1003745:14)
    at new BLODispatcher (/opt/cacti/satp-hermes/index.js:985639:24)
    at new SATPGateway (/opt/cacti/satp-hermes/index.js:1002214:30)
    at launchGateway (/opt/cacti/satp-hermes/index.js:1002012:21)
Trace: [2025-05-23T22:20:29.542Z] TRACE (SATPHandler-Stage1): Initialized stage-1-handler
    at Logger.trace (/opt/cacti/satp-hermes/index.js:207295:24)
    at Logger.trace (/opt/cacti/satp-hermes/index.js:189974:22)
    at new Stage1SATPHandler (/opt/cacti/satp-hermes/index.js:989609:21)
    at /opt/cacti/satp-hermes/index.js:1003965:33
    at Array.forEach (<anonymous>)
    at SATPManager.initializeHandlers (/opt/cacti/satp-hermes/index.js:1003962:25)
    at new SATPManager (/opt/cacti/satp-hermes/index.js:1003745:14)
    at new BLODispatcher (/opt/cacti/satp-hermes/index.js:985639:24)
    at new SATPGateway (/opt/cacti/satp-hermes/index.js:1002214:30)
    at launchGateway (/opt/cacti/satp-hermes/index.js:1002012:21)
Trace: [2025-05-23T22:20:29.542Z] TRACE (SATPHandler-Stage2): Initialized stage-2-handler
    at Logger.trace (/opt/cacti/satp-hermes/index.js:207295:24)
    at Logger.trace (/opt/cacti/satp-hermes/index.js:189974:22)
    at new Stage2SATPHandler (/opt/cacti/satp-hermes/index.js:989779:21)
    at /opt/cacti/satp-hermes/index.js:1003965:33
    at Array.forEach (<anonymous>)
    at SATPManager.initializeHandlers (/opt/cacti/satp-hermes/index.js:1003962:25)
    at new SATPManager (/opt/cacti/satp-hermes/index.js:1003745:14)
    at new BLODispatcher (/opt/cacti/satp-hermes/index.js:985639:24)
    at new SATPGateway (/opt/cacti/satp-hermes/index.js:1002214:30)
    at launchGateway (/opt/cacti/satp-hermes/index.js:1002012:21)
Trace: [2025-05-23T22:20:29.542Z] TRACE (SATPHandler-Stage3): Initialized stage-3-handler
    at Logger.trace (/opt/cacti/satp-hermes/index.js:207295:24)
    at Logger.trace (/opt/cacti/satp-hermes/index.js:189974:22)
    at new Stage3SATPHandler (/opt/cacti/satp-hermes/index.js:989889:21)
    at /opt/cacti/satp-hermes/index.js:1003965:33
    at Array.forEach (<anonymous>)
    at SATPManager.initializeHandlers (/opt/cacti/satp-hermes/index.js:1003962:25)
    at new SATPManager (/opt/cacti/satp-hermes/index.js:1003745:14)
    at new BLODispatcher (/opt/cacti/satp-hermes/index.js:985639:24)
    at new SATPGateway (/opt/cacti/satp-hermes/index.js:1002214:30)
    at launchGateway (/opt/cacti/satp-hermes/index.js:1002012:21)
Trace: [2025-05-23T22:20:29.543Z] TRACE (SATPGateway): Entering SATPGateway#startup()
    at Logger.trace (/opt/cacti/satp-hermes/index.js:207295:24)
    at Logger.trace (/opt/cacti/satp-hermes/index.js:189974:22)
    at SATPGateway.startup (/opt/cacti/satp-hermes/index.js:1002393:21)
    at launchGateway (/opt/cacti/satp-hermes/index.js:1002015:23)
Trace: [2025-05-23T22:20:29.547Z] TRACE (SATPGateway): Entering SATPGateway#startupGOLServer()
    at Logger.trace (/opt/cacti/satp-hermes/index.js:207295:24)
    at Logger.trace (/opt/cacti/satp-hermes/index.js:189974:22)
    at SATPGateway.startupGOLServer (/opt/cacti/satp-hermes/index.js:1002468:21)
    at SATPGateway.startup (/opt/cacti/satp-hermes/index.js:1002397:18)
    at launchGateway (/opt/cacti/satp-hermes/index.js:1002015:23)
Trace: [2025-05-23T22:20:29.651Z] TRACE (SATPGateway): Entering SATPGateway#getOrCreateHttpServer()
    at Logger.trace (/opt/cacti/satp-hermes/index.js:207295:24)
    at Logger.trace (/opt/cacti/satp-hermes/index.js:189974:22)
    at SATPGateway.getOrCreateHttpServer (/opt/cacti/satp-hermes/index.js:1002402:21)
    at launchGateway (/opt/cacti/satp-hermes/index.js:1002018:27)
    at process.processTicksAndRejections (node:internal/process/task_queues:95:5)
Trace: [2025-05-23T22:20:34.734Z] TRACE (SATPGateway): Entering SATPGateway#getOrCreateWebServices()
    at Logger.trace (/opt/cacti/satp-hermes/index.js:207295:24)
    at Logger.trace (/opt/cacti/satp-hermes/index.js:189974:22)
    at SATPGateway.getOrCreateWebServices (/opt/cacti/satp-hermes/index.js:1002256:21)
    at /opt/cacti/satp-hermes/index.js:4408:47
    at Array.map (<anonymous>)
    at AuthorizerFactory.getEndpoints (/opt/cacti/satp-hermes/index.js:4408:34)
    at AuthorizerFactory.initOnce (/opt/cacti/satp-hermes/index.js:4401:38)
    at ApiServer.startApiServer (/opt/cacti/satp-hermes/index.js:4180:28)
    at async ApiServer.start (/opt/cacti/satp-hermes/index.js:3684:36)
    at async SATPGateway.getOrCreateHttpServer (/opt/cacti/satp-hermes/index.js:1002439:9)
    at async launchGateway (/opt/cacti/satp-hermes/index.js:1002018:13)
[2025-05-23T22:20:34.736Z] WARN (AuthorizerFactory): The API server configuration specified no authorization protocol. All endpoints are exposed and unprotected. Do not use this in production!
Trace: [2025-05-23T22:20:34.736Z] TRACE (SATPGateway): Entering SATPGateway#getOrCreateWebServices()
    at Logger.trace (/opt/cacti/satp-hermes/index.js:207295:24)
    at Logger.trace (/opt/cacti/satp-hermes/index.js:189974:22)
    at SATPGateway.getOrCreateWebServices (/opt/cacti/satp-hermes/index.js:1002256:21)
    at /opt/cacti/satp-hermes/index.js:4196:21
    at Array.map (<anonymous>)
    at ApiServer.startApiServer (/opt/cacti/satp-hermes/index.js:4194:14)
    at async ApiServer.start (/opt/cacti/satp-hermes/index.js:3684:36)
    at async SATPGateway.getOrCreateHttpServer (/opt/cacti/satp-hermes/index.js:1002439:9)
    at async launchGateway (/opt/cacti/satp-hermes/index.js:1002018:13)
Trace: [2025-05-23T22:20:34.736Z] TRACE (SATPGateway): Entering SATPGateway#getOrCreateWebServices()
    at Logger.trace (/opt/cacti/satp-hermes/index.js:207295:24)
    at Logger.trace (/opt/cacti/satp-hermes/index.js:189974:22)
    at SATPGateway.getOrCreateWebServices (/opt/cacti/satp-hermes/index.js:1002256:21)
    at SATPGateway.registerWebServices (/opt/cacti/satp-hermes/index.js:1002247:40)
    at /opt/cacti/satp-hermes/index.js:4210:37
    at async Promise.all (index 0)
    at async ApiServer.startApiServer (/opt/cacti/satp-hermes/index.js:4213:29)
    at async ApiServer.start (/opt/cacti/satp-hermes/index.js:3684:36)
    at async SATPGateway.getOrCreateHttpServer (/opt/cacti/satp-hermes/index.js:1002439:9)
    at async launchGateway (/opt/cacti/satp-hermes/index.js:1002018:13)
[2025-05-23T22:20:52.562Z] ERROR (OracleUnregisterTaskEndpointV1): Failed to unregister task: Error: OracleManager#unregisterTask(): Task with id 1f567935-5a5a-42e9-b2fc-d00b129e75df not found Error: OracleManager#unregisterTask(): Task with id 1f567935-5a5a-42e9-b2fc-d00b129e75df not found
    at OracleManager.unregisterTask (/opt/cacti/satp-hermes/index.js:997739:19)
    at unregisterTask (/opt/cacti/satp-hermes/index.js:986571:26)
    at BLODispatcher.OracleUnregisterTask (/opt/cacti/satp-hermes/index.js:985863:82)
    at OracleUnregisterTaskEndpointV1.handleRequest (/opt/cacti/satp-hermes/index.js:986542:58)
    at Layer.handleRequest (/opt/cacti/satp-hermes/index.js:136802:17)
    at next (/opt/cacti/satp-hermes/index.js:137062:13)
    at /opt/cacti/satp-hermes/index.js:248101:14
    at Layer.handleRequest (/opt/cacti/satp-hermes/index.js:136802:17)
    at next (/opt/cacti/satp-hermes/index.js:137062:13)
    at Route.dispatch (/opt/cacti/satp-hermes/index.js:137022:3)
    at handle (/opt/cacti/satp-hermes/index.js:136329:11)
    at Layer.handleRequest (/opt/cacti/satp-hermes/index.js:136802:17)
    at /opt/cacti/satp-hermes/index.js:136189:15
    at processParams (/opt/cacti/satp-hermes/index.js:136476:12)
    at next (/opt/cacti/satp-hermes/index.js:136185:5)
    at /opt/cacti/satp-hermes/index.js:38657:5
    at AsyncResource.runInAsyncScope (node:async_hooks:206:9)
    at invokeCallback (/opt/cacti/satp-hermes/index.js:131762:16)
    at done (/opt/cacti/satp-hermes/index.js:131751:7)
    at IncomingMessage.onEnd (/opt/cacti/satp-hermes/index.js:131811:7)
    at IncomingMessage.emit (node:events:520:28)
    at endReadableNT (node:internal/streams/readable:1696:12)
Trace: [2025-05-23T22:21:00.196Z] TRACE (SATPGateway): Entering SATPGateway#verifySessionsState()
    at Logger.trace (/opt/cacti/satp-hermes/index.js:207295:24)
    at Logger.trace (/opt/cacti/satp-hermes/index.js:189974:22)
    at SATPGateway.verifySessionsState (/opt/cacti/satp-hermes/index.js:1002648:21)
    at SATPGateway.shutdown (/opt/cacti/satp-hermes/index.js:1002538:24)
    at /opt/cacti/satp-hermes/index.js:3870:35
    at Array.map (<anonymous>)
    at ApiServer.shutdown (/opt/cacti/satp-hermes/index.js:3869:14)
    at process.processTicksAndRejections (node:internal/process/task_queues:95:5)
Trace: [2025-05-23T22:21:00.197Z] TRACE (SATPGateway): Entering SATPGateway#verifySessionsState()
    at Logger.trace (/opt/cacti/satp-hermes/index.js:207295:24)
    at Logger.trace (/opt/cacti/satp-hermes/index.js:189974:22)
    at SATPGateway.verifySessionsState (/opt/cacti/satp-hermes/index.js:1002648:21)
    at SATPGateway.shutdown (/opt/cacti/satp-hermes/index.js:1002538:24)
    at /opt/cacti/satp-hermes/index.js:3870:35
    at Array.map (<anonymous>)
    at ApiServer.shutdown (/opt/cacti/satp-hermes/index.js:3869:14)
    at process.processTicksAndRejections (node:internal/process/task_queues:95:5)
[2025-05-23T22:21:00.203Z] ERROR (GatewayOrchestrator): Disconnect All Not implemented
