(node:7) [DEP0040] DeprecationWarning: The `punycode` module is deprecated. Please use a userland alternative instead.
(Use `node --trace-deprecation ...` to show where the warning was created)
(node:7) [DEP0005] DeprecationWarning: Buffer() is deprecated due to security and usability issues. Please use the Buffer.alloc(), Buffer.allocUnsafe(), or Buffer.from() methods instead.
Trace: [2025-05-22T15:22:06.047Z] TRACE (GatewayOrchestrator): Entering #getGatewaySeeds()
    at Logger.trace (/opt/cacti/satp-hermes/index.js:207295:24)
    at Logger.trace (/opt/cacti/satp-hermes/index.js:189974:22)
    at getGatewaySeeds (/opt/cacti/satp-hermes/index.js:1004408:12)
    at new GatewayOrchestrator (/opt/cacti/satp-hermes/index.js:1003278:68)
    at new SATPGateway (/opt/cacti/satp-hermes/index.js:1002158:40)
    at launchGateway (/opt/cacti/satp-hermes/index.js:1001989:21)
Trace: [2025-05-22T15:22:06.047Z] TRACE (GatewayOrchestrator): Entering GatewayOrchestrator#addGateways()
    at Logger.trace (/opt/cacti/satp-hermes/index.js:207295:24)
    at Logger.trace (/opt/cacti/satp-hermes/index.js:189974:22)
    at GatewayOrchestrator.addGateways (/opt/cacti/satp-hermes/index.js:1003550:21)
    at new GatewayOrchestrator (/opt/cacti/satp-hermes/index.js:1003284:14)
    at new SATPGateway (/opt/cacti/satp-hermes/index.js:1002158:40)
    at launchGateway (/opt/cacti/satp-hermes/index.js:1001989:21)
Trace: [2025-05-22T15:22:06.055Z] TRACE (SATPManager): Signer logger level: TRACE
    at Logger.trace (/opt/cacti/satp-hermes/index.js:207295:24)
    at Logger.trace (/opt/cacti/satp-hermes/index.js:189974:22)
    at new SATPService (/opt/cacti/satp-hermes/index.js:991523:21)
    at new Stage0ServerService (/opt/cacti/satp-hermes/index.js:991584:9)
    at /opt/cacti/satp-hermes/index.js:1003885:29
    at Array.forEach (<anonymous>)
    at SATPManager.initializeServices (/opt/cacti/satp-hermes/index.js:1003884:24)
    at new SATPManager (/opt/cacti/satp-hermes/index.js:1003717:14)
    at new BLODispatcher (/opt/cacti/satp-hermes/index.js:985639:24)
    at new SATPGateway (/opt/cacti/satp-hermes/index.js:1002191:30)
    at launchGateway (/opt/cacti/satp-hermes/index.js:1001989:21)
Trace: [2025-05-22T15:22:06.055Z] TRACE (SATPManager): Signer logger level: TRACE
    at Logger.trace (/opt/cacti/satp-hermes/index.js:207295:24)
    at Logger.trace (/opt/cacti/satp-hermes/index.js:189974:22)
    at new SATPService (/opt/cacti/satp-hermes/index.js:991523:21)
    at new Stage0ClientService (/opt/cacti/satp-hermes/index.js:990127:9)
    at /opt/cacti/satp-hermes/index.js:1003885:29
    at Array.forEach (<anonymous>)
    at SATPManager.initializeServices (/opt/cacti/satp-hermes/index.js:1003884:24)
    at new SATPManager (/opt/cacti/satp-hermes/index.js:1003717:14)
    at new BLODispatcher (/opt/cacti/satp-hermes/index.js:985639:24)
    at new SATPGateway (/opt/cacti/satp-hermes/index.js:1002191:30)
    at launchGateway (/opt/cacti/satp-hermes/index.js:1001989:21)
Trace: [2025-05-22T15:22:06.055Z] TRACE (SATPManager): Signer logger level: TRACE
    at Logger.trace (/opt/cacti/satp-hermes/index.js:207295:24)
    at Logger.trace (/opt/cacti/satp-hermes/index.js:189974:22)
    at new SATPService (/opt/cacti/satp-hermes/index.js:991523:21)
    at new Stage1ServerService (/opt/cacti/satp-hermes/index.js:991966:9)
    at /opt/cacti/satp-hermes/index.js:1003885:29
    at Array.forEach (<anonymous>)
    at SATPManager.initializeServices (/opt/cacti/satp-hermes/index.js:1003884:24)
    at new SATPManager (/opt/cacti/satp-hermes/index.js:1003717:14)
    at new BLODispatcher (/opt/cacti/satp-hermes/index.js:985639:24)
    at new SATPGateway (/opt/cacti/satp-hermes/index.js:1002191:30)
    at launchGateway (/opt/cacti/satp-hermes/index.js:1001989:21)
Trace: [2025-05-22T15:22:06.055Z] TRACE (SATPManager): Signer logger level: TRACE
    at Logger.trace (/opt/cacti/satp-hermes/index.js:207295:24)
    at Logger.trace (/opt/cacti/satp-hermes/index.js:189974:22)
    at new SATPService (/opt/cacti/satp-hermes/index.js:991523:21)
    at new Stage1ClientService (/opt/cacti/satp-hermes/index.js:990417:9)
    at /opt/cacti/satp-hermes/index.js:1003885:29
    at Array.forEach (<anonymous>)
    at SATPManager.initializeServices (/opt/cacti/satp-hermes/index.js:1003884:24)
    at new SATPManager (/opt/cacti/satp-hermes/index.js:1003717:14)
    at new BLODispatcher (/opt/cacti/satp-hermes/index.js:985639:24)
    at new SATPGateway (/opt/cacti/satp-hermes/index.js:1002191:30)
    at launchGateway (/opt/cacti/satp-hermes/index.js:1001989:21)
Trace: [2025-05-22T15:22:06.056Z] TRACE (SATPManager): Signer logger level: TRACE
    at Logger.trace (/opt/cacti/satp-hermes/index.js:207295:24)
    at Logger.trace (/opt/cacti/satp-hermes/index.js:189974:22)
    at new SATPService (/opt/cacti/satp-hermes/index.js:991523:21)
    at new Stage2ServerService (/opt/cacti/satp-hermes/index.js:992367:9)
    at /opt/cacti/satp-hermes/index.js:1003885:29
    at Array.forEach (<anonymous>)
    at SATPManager.initializeServices (/opt/cacti/satp-hermes/index.js:1003884:24)
    at new SATPManager (/opt/cacti/satp-hermes/index.js:1003717:14)
    at new BLODispatcher (/opt/cacti/satp-hermes/index.js:985639:24)
    at new SATPGateway (/opt/cacti/satp-hermes/index.js:1002191:30)
    at launchGateway (/opt/cacti/satp-hermes/index.js:1001989:21)
Trace: [2025-05-22T15:22:06.056Z] TRACE (SATPManager): Signer logger level: TRACE
    at Logger.trace (/opt/cacti/satp-hermes/index.js:207295:24)
    at Logger.trace (/opt/cacti/satp-hermes/index.js:189974:22)
    at new SATPService (/opt/cacti/satp-hermes/index.js:991523:21)
    at new Stage2ClientService (/opt/cacti/satp-hermes/index.js:990749:9)
    at /opt/cacti/satp-hermes/index.js:1003885:29
    at Array.forEach (<anonymous>)
    at SATPManager.initializeServices (/opt/cacti/satp-hermes/index.js:1003884:24)
    at new SATPManager (/opt/cacti/satp-hermes/index.js:1003717:14)
    at new BLODispatcher (/opt/cacti/satp-hermes/index.js:985639:24)
    at new SATPGateway (/opt/cacti/satp-hermes/index.js:1002191:30)
    at launchGateway (/opt/cacti/satp-hermes/index.js:1001989:21)
Trace: [2025-05-22T15:22:06.056Z] TRACE (SATPManager): Signer logger level: TRACE
    at Logger.trace (/opt/cacti/satp-hermes/index.js:207295:24)
    at Logger.trace (/opt/cacti/satp-hermes/index.js:189974:22)
    at new SATPService (/opt/cacti/satp-hermes/index.js:991523:21)
    at new Stage3ServerService (/opt/cacti/satp-hermes/index.js:992529:9)
    at /opt/cacti/satp-hermes/index.js:1003885:29
    at Array.forEach (<anonymous>)
    at SATPManager.initializeServices (/opt/cacti/satp-hermes/index.js:1003884:24)
    at new SATPManager (/opt/cacti/satp-hermes/index.js:1003717:14)
    at new BLODispatcher (/opt/cacti/satp-hermes/index.js:985639:24)
    at new SATPGateway (/opt/cacti/satp-hermes/index.js:1002191:30)
    at launchGateway (/opt/cacti/satp-hermes/index.js:1001989:21)
Trace: [2025-05-22T15:22:06.056Z] TRACE (SATPManager): Signer logger level: TRACE
    at Logger.trace (/opt/cacti/satp-hermes/index.js:207295:24)
    at Logger.trace (/opt/cacti/satp-hermes/index.js:189974:22)
    at new SATPService (/opt/cacti/satp-hermes/index.js:991523:21)
    at new Stage3ClientService (/opt/cacti/satp-hermes/index.js:990982:9)
    at /opt/cacti/satp-hermes/index.js:1003885:29
    at Array.forEach (<anonymous>)
    at SATPManager.initializeServices (/opt/cacti/satp-hermes/index.js:1003884:24)
    at new SATPManager (/opt/cacti/satp-hermes/index.js:1003717:14)
    at new BLODispatcher (/opt/cacti/satp-hermes/index.js:985639:24)
    at new SATPGateway (/opt/cacti/satp-hermes/index.js:1002191:30)
    at launchGateway (/opt/cacti/satp-hermes/index.js:1001989:21)
Trace: [2025-05-22T15:22:06.057Z] TRACE (SATPHandler-Stage0): Initialized stage-0-handler
    at Logger.trace (/opt/cacti/satp-hermes/index.js:207295:24)
    at Logger.trace (/opt/cacti/satp-hermes/index.js:189974:22)
    at new Stage0SATPHandler (/opt/cacti/satp-hermes/index.js:989416:21)
    at /opt/cacti/satp-hermes/index.js:1003942:33
    at Array.forEach (<anonymous>)
    at SATPManager.initializeHandlers (/opt/cacti/satp-hermes/index.js:1003939:25)
    at new SATPManager (/opt/cacti/satp-hermes/index.js:1003722:14)
    at new BLODispatcher (/opt/cacti/satp-hermes/index.js:985639:24)
    at new SATPGateway (/opt/cacti/satp-hermes/index.js:1002191:30)
    at launchGateway (/opt/cacti/satp-hermes/index.js:1001989:21)
Trace: [2025-05-22T15:22:06.057Z] TRACE (SATPHandler-Stage1): Initialized stage-1-handler
    at Logger.trace (/opt/cacti/satp-hermes/index.js:207295:24)
    at Logger.trace (/opt/cacti/satp-hermes/index.js:189974:22)
    at new Stage1SATPHandler (/opt/cacti/satp-hermes/index.js:989593:21)
    at /opt/cacti/satp-hermes/index.js:1003942:33
    at Array.forEach (<anonymous>)
    at SATPManager.initializeHandlers (/opt/cacti/satp-hermes/index.js:1003939:25)
    at new SATPManager (/opt/cacti/satp-hermes/index.js:1003722:14)
    at new BLODispatcher (/opt/cacti/satp-hermes/index.js:985639:24)
    at new SATPGateway (/opt/cacti/satp-hermes/index.js:1002191:30)
    at launchGateway (/opt/cacti/satp-hermes/index.js:1001989:21)
Trace: [2025-05-22T15:22:06.057Z] TRACE (SATPHandler-Stage2): Initialized stage-2-handler
    at Logger.trace (/opt/cacti/satp-hermes/index.js:207295:24)
    at Logger.trace (/opt/cacti/satp-hermes/index.js:189974:22)
    at new Stage2SATPHandler (/opt/cacti/satp-hermes/index.js:989763:21)
    at /opt/cacti/satp-hermes/index.js:1003942:33
    at Array.forEach (<anonymous>)
    at SATPManager.initializeHandlers (/opt/cacti/satp-hermes/index.js:1003939:25)
    at new SATPManager (/opt/cacti/satp-hermes/index.js:1003722:14)
    at new BLODispatcher (/opt/cacti/satp-hermes/index.js:985639:24)
    at new SATPGateway (/opt/cacti/satp-hermes/index.js:1002191:30)
    at launchGateway (/opt/cacti/satp-hermes/index.js:1001989:21)
Trace: [2025-05-22T15:22:06.058Z] TRACE (SATPHandler-Stage3): Initialized stage-3-handler
    at Logger.trace (/opt/cacti/satp-hermes/index.js:207295:24)
    at Logger.trace (/opt/cacti/satp-hermes/index.js:189974:22)
    at new Stage3SATPHandler (/opt/cacti/satp-hermes/index.js:989873:21)
    at /opt/cacti/satp-hermes/index.js:1003942:33
    at Array.forEach (<anonymous>)
    at SATPManager.initializeHandlers (/opt/cacti/satp-hermes/index.js:1003939:25)
    at new SATPManager (/opt/cacti/satp-hermes/index.js:1003722:14)
    at new BLODispatcher (/opt/cacti/satp-hermes/index.js:985639:24)
    at new SATPGateway (/opt/cacti/satp-hermes/index.js:1002191:30)
    at launchGateway (/opt/cacti/satp-hermes/index.js:1001989:21)
Trace: [2025-05-22T15:22:06.058Z] TRACE (SATPGateway): Entering SATPGateway#startup()
    at Logger.trace (/opt/cacti/satp-hermes/index.js:207295:24)
    at Logger.trace (/opt/cacti/satp-hermes/index.js:189974:22)
    at SATPGateway.startup (/opt/cacti/satp-hermes/index.js:1002370:21)
    at launchGateway (/opt/cacti/satp-hermes/index.js:1001992:23)
Trace: [2025-05-22T15:22:06.062Z] TRACE (SATPGateway): Entering SATPGateway#startupGOLServer()
    at Logger.trace (/opt/cacti/satp-hermes/index.js:207295:24)
    at Logger.trace (/opt/cacti/satp-hermes/index.js:189974:22)
    at SATPGateway.startupGOLServer (/opt/cacti/satp-hermes/index.js:1002445:21)
    at SATPGateway.startup (/opt/cacti/satp-hermes/index.js:1002374:18)
    at launchGateway (/opt/cacti/satp-hermes/index.js:1001992:23)
Trace: [2025-05-22T15:22:06.270Z] TRACE (SATPGateway): Entering SATPGateway#getOrCreateHttpServer()
    at Logger.trace (/opt/cacti/satp-hermes/index.js:207295:24)
    at Logger.trace (/opt/cacti/satp-hermes/index.js:189974:22)
    at SATPGateway.getOrCreateHttpServer (/opt/cacti/satp-hermes/index.js:1002379:21)
    at launchGateway (/opt/cacti/satp-hermes/index.js:1001995:27)
    at process.processTicksAndRejections (node:internal/process/task_queues:95:5)
Trace: [2025-05-22T15:22:09.400Z] TRACE (SATPGateway): Entering SATPGateway#getOrCreateWebServices()
    at Logger.trace (/opt/cacti/satp-hermes/index.js:207295:24)
    at Logger.trace (/opt/cacti/satp-hermes/index.js:189974:22)
    at SATPGateway.getOrCreateWebServices (/opt/cacti/satp-hermes/index.js:1002233:21)
    at /opt/cacti/satp-hermes/index.js:4408:47
    at Array.map (<anonymous>)
    at AuthorizerFactory.getEndpoints (/opt/cacti/satp-hermes/index.js:4408:34)
    at AuthorizerFactory.initOnce (/opt/cacti/satp-hermes/index.js:4401:38)
    at ApiServer.startApiServer (/opt/cacti/satp-hermes/index.js:4180:28)
    at async ApiServer.start (/opt/cacti/satp-hermes/index.js:3684:36)
    at async SATPGateway.getOrCreateHttpServer (/opt/cacti/satp-hermes/index.js:1002416:9)
    at async launchGateway (/opt/cacti/satp-hermes/index.js:1001995:13)
[2025-05-22T15:22:09.401Z] WARN (AuthorizerFactory): The API server configuration specified no authorization protocol. All endpoints are exposed and unprotected. Do not use this in production!
Trace: [2025-05-22T15:22:09.402Z] TRACE (SATPGateway): Entering SATPGateway#getOrCreateWebServices()
    at Logger.trace (/opt/cacti/satp-hermes/index.js:207295:24)
    at Logger.trace (/opt/cacti/satp-hermes/index.js:189974:22)
    at SATPGateway.getOrCreateWebServices (/opt/cacti/satp-hermes/index.js:1002233:21)
    at /opt/cacti/satp-hermes/index.js:4196:21
    at Array.map (<anonymous>)
    at ApiServer.startApiServer (/opt/cacti/satp-hermes/index.js:4194:14)
    at async ApiServer.start (/opt/cacti/satp-hermes/index.js:3684:36)
    at async SATPGateway.getOrCreateHttpServer (/opt/cacti/satp-hermes/index.js:1002416:9)
    at async launchGateway (/opt/cacti/satp-hermes/index.js:1001995:13)
Trace: [2025-05-22T15:22:09.402Z] TRACE (SATPGateway): Entering SATPGateway#getOrCreateWebServices()
    at Logger.trace (/opt/cacti/satp-hermes/index.js:207295:24)
    at Logger.trace (/opt/cacti/satp-hermes/index.js:189974:22)
    at SATPGateway.getOrCreateWebServices (/opt/cacti/satp-hermes/index.js:1002233:21)
    at SATPGateway.registerWebServices (/opt/cacti/satp-hermes/index.js:1002224:40)
    at /opt/cacti/satp-hermes/index.js:4210:37
    at async Promise.all (index 0)
    at async ApiServer.startApiServer (/opt/cacti/satp-hermes/index.js:4213:29)
    at async ApiServer.start (/opt/cacti/satp-hermes/index.js:3684:36)
    at async SATPGateway.getOrCreateHttpServer (/opt/cacti/satp-hermes/index.js:1002416:9)
    at async launchGateway (/opt/cacti/satp-hermes/index.js:1001995:13)
[2025-05-22T15:23:56.985Z] ERROR (OracleExecutionLayer): OracleExecutionLayer#read() - Error reading entry from oracle implementation Web3ValidatorError: Web3 validator found 1 error[s]:
value "DATA WRITTEN TO THE BLOCKCHAIN" at "/0" must pass "bytes32" validation
    at Validator.validate (/opt/cacti/satp-hermes/index.js:1374836:23)
    at Web3Validator.validate (/opt/cacti/satp-hermes/index.js:1374933:32)
    at /opt/cacti/satp-hermes/index.js:1384132:44
    at PluginLedgerConnectorEthereum.runContractInvoke (/opt/cacti/satp-hermes/index.js:704199:24)
    at process.processTicksAndRejections (node:internal/process/task_queues:95:5) {
  cause: undefined,
  code: 1100,
  errors: [
    {
      keyword: '0',
      instancePath: '/0',
      schemaPath: '#0',
      params: [Object],
      message: 'value "DATA WRITTEN TO THE BLOCKCHAIN" at "/0" must pass "bytes32" validation'
    }
  ]
}
[2025-05-22T15:23:56.986Z] ERROR (OracleManager): OracleManager#relayOperation: Error relaying operation ad667604-cbfa-45ba-9f1f-79004c2c9b68: TransactionError: OracleExecutionLayer#read(), Transaction failed
[2025-05-22T15:24:02.023Z] ERROR (OracleExecutionLayer): OracleExecutionLayer#read() - Error reading entry from oracle implementation ContractExecutionError: Error happened while trying to execute a function inside a smart contract
    at Web3RequestManager._isReverted (/opt/cacti/satp-hermes/index.js:1326420:19)
    at Web3RequestManager._processJsonRpcResponse (/opt/cacti/satp-hermes/index.js:1326372:42)
    at Web3RequestManager.<anonymous> (/opt/cacti/satp-hermes/index.js:1326259:29)
    at Generator.next (<anonymous>)
    at fulfilled (/opt/cacti/satp-hermes/index.js:1326113:58)
    at process.processTicksAndRejections (node:internal/process/task_queues:95:5) {
  cause: [Eip838ExecutionError: Error: VM Exception while processing transaction: reverted with reason string 'Data not found'] {
    cause: [Eip838ExecutionError: Error: VM Exception while processing transaction: reverted with reason string 'Data not found'] {
      cause: undefined,
      code: undefined,
      receipt: undefined,
      data: '0x08c379a00000000000000000000000000000000000000000000000000000000000000020000000000000000000000000000000000000000000000000000000000000000e44617461206e6f7420666f756e64000000000000000000000000000000000000'
    },
    code: -32603,
    receipt: undefined,
    data: '0x08c379a00000000000000000000000000000000000000000000000000000000000000020000000000000000000000000000000000000000000000000000000000000000e44617461206e6f7420666f756e64000000000000000000000000000000000000',
    errorName: 'Error',
    errorSignature: 'Error(string)',
    errorArgs: { '0': 'Data not found', __length__: 1, message: 'Data not found' }
  },
  code: 310,
  receipt: undefined
}
[2025-05-22T15:24:02.023Z] ERROR (OracleManager): OracleManager#relayOperation: Error relaying operation a6995ed2-10c3-4f8d-b32f-f60dc4320868: TransactionError: OracleExecutionLayer#read(), Transaction failed
[2025-05-22T15:24:33.666Z] ERROR (OracleExecutionLayer): OracleExecutionLayer#read() - Error writing entry to oracle implementation TransactionRevertInstructionError: Transaction has been reverted by the EVM
    at /opt/cacti/satp-hermes/index.js:1386876:21
    at Generator.next (<anonymous>)
    at /opt/cacti/satp-hermes/index.js:1386843:71
    at new Promise (<anonymous>)
    at __webpack_modules__.391918.__awaiter (/opt/cacti/satp-hermes/index.js:1386839:12)
    at getTransactionError (/opt/cacti/satp-hermes/index.js:1386852:12)
    at SendTxHelper.<anonymous> (/opt/cacti/satp-hermes/index.js:1387314:84)
    at Generator.next (<anonymous>)
    at fulfilled (/opt/cacti/satp-hermes/index.js:1387240:58)
    at process.processTicksAndRejections (node:internal/process/task_queues:95:5) {
  cause: undefined,
  reason: `Error: VM Exception while processing transaction: reverted with custom error 'AccessControlUnauthorizedAccount("0x70997970C51812dc3A010C7d01b50e0d17dc79C8", "0x68e79a7bf1e0bc45d0a330c573bc367f9cf464fd326078812f301165fbda4ef1")'`,
  signature: '0xe2517d3f',
  receipt: undefined,
  data: '00000000000000000000000070997970c51812dc3a010c7d01b50e0d17dc79c868e79a7bf1e0bc45d0a330c573bc367f9cf464fd326078812f301165fbda4ef1',
  code: 402
}
[2025-05-22T15:24:33.667Z] ERROR (OracleManager): OracleManager#relayOperation: Error relaying operation 620715f9-df51-437e-957b-d36d8241f9d5: TransactionError: OracleExecutionLayer#read(), Transaction failed
[2025-05-22T15:24:38.682Z] ERROR (OracleExecutionLayer): OracleExecutionLayer#read() - Error reading entry from oracle implementation ContractExecutionError: Error happened while trying to execute a function inside a smart contract
    at Web3RequestManager._isReverted (/opt/cacti/satp-hermes/index.js:1326420:19)
    at Web3RequestManager._processJsonRpcResponse (/opt/cacti/satp-hermes/index.js:1326372:42)
    at Web3RequestManager.<anonymous> (/opt/cacti/satp-hermes/index.js:1326259:29)
    at Generator.next (<anonymous>)
    at fulfilled (/opt/cacti/satp-hermes/index.js:1326113:58)
    at process.processTicksAndRejections (node:internal/process/task_queues:95:5) {
  cause: [Eip838ExecutionError: Error: VM Exception while processing transaction: reverted with reason string 'Data not found'] {
    cause: [Eip838ExecutionError: Error: VM Exception while processing transaction: reverted with reason string 'Data not found'] {
      cause: undefined,
      code: undefined,
      receipt: undefined,
      data: '0x08c379a00000000000000000000000000000000000000000000000000000000000000020000000000000000000000000000000000000000000000000000000000000000e44617461206e6f7420666f756e64000000000000000000000000000000000000'
    },
    code: -32603,
    receipt: undefined,
    data: '0x08c379a00000000000000000000000000000000000000000000000000000000000000020000000000000000000000000000000000000000000000000000000000000000e44617461206e6f7420666f756e64000000000000000000000000000000000000',
    errorName: 'Error',
    errorSignature: 'Error(string)',
    errorArgs: { '0': 'Data not found', __length__: 1, message: 'Data not found' }
  },
  code: 310,
  receipt: undefined
}
[2025-05-22T15:24:38.683Z] ERROR (OracleManager): OracleManager#relayOperation: Error relaying operation 04bcdd53-b9a8-463c-b046-ff6992095e7e: TransactionError: OracleExecutionLayer#read(), Transaction failed
[2025-05-22T17:58:54.197Z] ERROR (OracleExecutionLayer): OracleExecutionLayer#read() - Error reading entry from oracle implementation AbiError: Parameter decoding error: Returned values aren't valid, did it run Out of Gas? You might also see this error if you are not using the correct ABI for the contract you are retrieving data from, requesting data from a block number that does not exist, or querying a node which is not fully synced.
    at decodeParametersWith (/opt/cacti/satp-hermes/index.js:1336845:15)
    at decodeParameters (/opt/cacti/satp-hermes/index.js:1336955:75)
    at decodeFunctionReturn (/opt/cacti/satp-hermes/index.js:1336614:61)
    at ContractBuilder.<anonymous> (/opt/cacti/satp-hermes/index.js:1384219:64)
    at Generator.next (<anonymous>)
    at fulfilled (/opt/cacti/satp-hermes/index.js:1383458:58)
    at process.processTicksAndRejections (node:internal/process/task_queues:95:5) {
  cause: undefined,
  code: 205,
  props: {
    internalErr: AbiError: Returned values aren't valid, did it run Out of Gas? You might also see this error if you are not using the correct ABI for the contract you are retrieving data from, requesting data from a block number that does not exist, or querying a node which is not fully synced.
        at decodeParametersWith (/opt/cacti/satp-hermes/index.js:1336836:19)
        at decodeParameters (/opt/cacti/satp-hermes/index.js:1336955:75)
        at decodeFunctionReturn (/opt/cacti/satp-hermes/index.js:1336614:61)
        at ContractBuilder.<anonymous> (/opt/cacti/satp-hermes/index.js:1384219:64)
        at Generator.next (<anonymous>)
        at fulfilled (/opt/cacti/satp-hermes/index.js:1383458:58)
        at process.processTicksAndRejections (node:internal/process/task_queues:95:5) {
      cause: undefined,
      code: 205,
      props: {}
    }
  }
}
[2025-05-22T17:58:54.198Z] ERROR (OracleManager): OracleManager#relayOperation: Error relaying operation 8dbc0f18-759f-4074-bb77-5cbd76a756d5: TransactionError: OracleExecutionLayer#read(), Transaction failed
(node:7) [DEP0040] DeprecationWarning: The `punycode` module is deprecated. Please use a userland alternative instead.
(Use `node --trace-deprecation ...` to show where the warning was created)
(node:7) [DEP0005] DeprecationWarning: Buffer() is deprecated due to security and usability issues. Please use the Buffer.alloc(), Buffer.allocUnsafe(), or Buffer.from() methods instead.
Trace: [2025-05-22T22:08:44.107Z] TRACE (GatewayOrchestrator): Entering #getGatewaySeeds()
    at Logger.trace (/opt/cacti/satp-hermes/index.js:207295:24)
    at Logger.trace (/opt/cacti/satp-hermes/index.js:189974:22)
    at getGatewaySeeds (/opt/cacti/satp-hermes/index.js:1004408:12)
    at new GatewayOrchestrator (/opt/cacti/satp-hermes/index.js:1003278:68)
    at new SATPGateway (/opt/cacti/satp-hermes/index.js:1002158:40)
    at launchGateway (/opt/cacti/satp-hermes/index.js:1001989:21)
Trace: [2025-05-22T22:08:44.107Z] TRACE (GatewayOrchestrator): Entering GatewayOrchestrator#addGateways()
    at Logger.trace (/opt/cacti/satp-hermes/index.js:207295:24)
    at Logger.trace (/opt/cacti/satp-hermes/index.js:189974:22)
    at GatewayOrchestrator.addGateways (/opt/cacti/satp-hermes/index.js:1003550:21)
    at new GatewayOrchestrator (/opt/cacti/satp-hermes/index.js:1003284:14)
    at new SATPGateway (/opt/cacti/satp-hermes/index.js:1002158:40)
    at launchGateway (/opt/cacti/satp-hermes/index.js:1001989:21)
[2025-05-22T22:08:44.108Z] WARN (OntologyManager): Ontologies path not provided. Ontologies must be added manually.
Trace: [2025-05-22T22:08:44.113Z] TRACE (SATPManager): Signer logger level: TRACE
    at Logger.trace (/opt/cacti/satp-hermes/index.js:207295:24)
    at Logger.trace (/opt/cacti/satp-hermes/index.js:189974:22)
    at new SATPService (/opt/cacti/satp-hermes/index.js:991523:21)
    at new Stage0ServerService (/opt/cacti/satp-hermes/index.js:991584:9)
    at /opt/cacti/satp-hermes/index.js:1003885:29
    at Array.forEach (<anonymous>)
    at SATPManager.initializeServices (/opt/cacti/satp-hermes/index.js:1003884:24)
    at new SATPManager (/opt/cacti/satp-hermes/index.js:1003717:14)
    at new BLODispatcher (/opt/cacti/satp-hermes/index.js:985639:24)
    at new SATPGateway (/opt/cacti/satp-hermes/index.js:1002191:30)
    at launchGateway (/opt/cacti/satp-hermes/index.js:1001989:21)
Trace: [2025-05-22T22:08:44.113Z] TRACE (SATPManager): Signer logger level: TRACE
    at Logger.trace (/opt/cacti/satp-hermes/index.js:207295:24)
    at Logger.trace (/opt/cacti/satp-hermes/index.js:189974:22)
    at new SATPService (/opt/cacti/satp-hermes/index.js:991523:21)
    at new Stage0ClientService (/opt/cacti/satp-hermes/index.js:990127:9)
    at /opt/cacti/satp-hermes/index.js:1003885:29
    at Array.forEach (<anonymous>)
    at SATPManager.initializeServices (/opt/cacti/satp-hermes/index.js:1003884:24)
    at new SATPManager (/opt/cacti/satp-hermes/index.js:1003717:14)
    at new BLODispatcher (/opt/cacti/satp-hermes/index.js:985639:24)
    at new SATPGateway (/opt/cacti/satp-hermes/index.js:1002191:30)
    at launchGateway (/opt/cacti/satp-hermes/index.js:1001989:21)
Trace: [2025-05-22T22:08:44.113Z] TRACE (SATPManager): Signer logger level: TRACE
    at Logger.trace (/opt/cacti/satp-hermes/index.js:207295:24)
    at Logger.trace (/opt/cacti/satp-hermes/index.js:189974:22)
    at new SATPService (/opt/cacti/satp-hermes/index.js:991523:21)
    at new Stage1ServerService (/opt/cacti/satp-hermes/index.js:991966:9)
    at /opt/cacti/satp-hermes/index.js:1003885:29
    at Array.forEach (<anonymous>)
    at SATPManager.initializeServices (/opt/cacti/satp-hermes/index.js:1003884:24)
    at new SATPManager (/opt/cacti/satp-hermes/index.js:1003717:14)
    at new BLODispatcher (/opt/cacti/satp-hermes/index.js:985639:24)
    at new SATPGateway (/opt/cacti/satp-hermes/index.js:1002191:30)
    at launchGateway (/opt/cacti/satp-hermes/index.js:1001989:21)
Trace: [2025-05-22T22:08:44.113Z] TRACE (SATPManager): Signer logger level: TRACE
    at Logger.trace (/opt/cacti/satp-hermes/index.js:207295:24)
    at Logger.trace (/opt/cacti/satp-hermes/index.js:189974:22)
    at new SATPService (/opt/cacti/satp-hermes/index.js:991523:21)
    at new Stage1ClientService (/opt/cacti/satp-hermes/index.js:990417:9)
    at /opt/cacti/satp-hermes/index.js:1003885:29
    at Array.forEach (<anonymous>)
    at SATPManager.initializeServices (/opt/cacti/satp-hermes/index.js:1003884:24)
    at new SATPManager (/opt/cacti/satp-hermes/index.js:1003717:14)
    at new BLODispatcher (/opt/cacti/satp-hermes/index.js:985639:24)
    at new SATPGateway (/opt/cacti/satp-hermes/index.js:1002191:30)
    at launchGateway (/opt/cacti/satp-hermes/index.js:1001989:21)
Trace: [2025-05-22T22:08:44.114Z] TRACE (SATPManager): Signer logger level: TRACE
    at Logger.trace (/opt/cacti/satp-hermes/index.js:207295:24)
    at Logger.trace (/opt/cacti/satp-hermes/index.js:189974:22)
    at new SATPService (/opt/cacti/satp-hermes/index.js:991523:21)
    at new Stage2ServerService (/opt/cacti/satp-hermes/index.js:992367:9)
    at /opt/cacti/satp-hermes/index.js:1003885:29
    at Array.forEach (<anonymous>)
    at SATPManager.initializeServices (/opt/cacti/satp-hermes/index.js:1003884:24)
    at new SATPManager (/opt/cacti/satp-hermes/index.js:1003717:14)
    at new BLODispatcher (/opt/cacti/satp-hermes/index.js:985639:24)
    at new SATPGateway (/opt/cacti/satp-hermes/index.js:1002191:30)
    at launchGateway (/opt/cacti/satp-hermes/index.js:1001989:21)
Trace: [2025-05-22T22:08:44.114Z] TRACE (SATPManager): Signer logger level: TRACE
    at Logger.trace (/opt/cacti/satp-hermes/index.js:207295:24)
    at Logger.trace (/opt/cacti/satp-hermes/index.js:189974:22)
    at new SATPService (/opt/cacti/satp-hermes/index.js:991523:21)
    at new Stage2ClientService (/opt/cacti/satp-hermes/index.js:990749:9)
    at /opt/cacti/satp-hermes/index.js:1003885:29
    at Array.forEach (<anonymous>)
    at SATPManager.initializeServices (/opt/cacti/satp-hermes/index.js:1003884:24)
    at new SATPManager (/opt/cacti/satp-hermes/index.js:1003717:14)
    at new BLODispatcher (/opt/cacti/satp-hermes/index.js:985639:24)
    at new SATPGateway (/opt/cacti/satp-hermes/index.js:1002191:30)
    at launchGateway (/opt/cacti/satp-hermes/index.js:1001989:21)
Trace: [2025-05-22T22:08:44.114Z] TRACE (SATPManager): Signer logger level: TRACE
    at Logger.trace (/opt/cacti/satp-hermes/index.js:207295:24)
    at Logger.trace (/opt/cacti/satp-hermes/index.js:189974:22)
    at new SATPService (/opt/cacti/satp-hermes/index.js:991523:21)
    at new Stage3ServerService (/opt/cacti/satp-hermes/index.js:992529:9)
    at /opt/cacti/satp-hermes/index.js:1003885:29
    at Array.forEach (<anonymous>)
    at SATPManager.initializeServices (/opt/cacti/satp-hermes/index.js:1003884:24)
    at new SATPManager (/opt/cacti/satp-hermes/index.js:1003717:14)
    at new BLODispatcher (/opt/cacti/satp-hermes/index.js:985639:24)
    at new SATPGateway (/opt/cacti/satp-hermes/index.js:1002191:30)
    at launchGateway (/opt/cacti/satp-hermes/index.js:1001989:21)
Trace: [2025-05-22T22:08:44.114Z] TRACE (SATPManager): Signer logger level: TRACE
    at Logger.trace (/opt/cacti/satp-hermes/index.js:207295:24)
    at Logger.trace (/opt/cacti/satp-hermes/index.js:189974:22)
    at new SATPService (/opt/cacti/satp-hermes/index.js:991523:21)
    at new Stage3ClientService (/opt/cacti/satp-hermes/index.js:990982:9)
    at /opt/cacti/satp-hermes/index.js:1003885:29
    at Array.forEach (<anonymous>)
    at SATPManager.initializeServices (/opt/cacti/satp-hermes/index.js:1003884:24)
    at new SATPManager (/opt/cacti/satp-hermes/index.js:1003717:14)
    at new BLODispatcher (/opt/cacti/satp-hermes/index.js:985639:24)
    at new SATPGateway (/opt/cacti/satp-hermes/index.js:1002191:30)
    at launchGateway (/opt/cacti/satp-hermes/index.js:1001989:21)
Trace: [2025-05-22T22:08:44.115Z] TRACE (SATPHandler-Stage0): Initialized stage-0-handler
    at Logger.trace (/opt/cacti/satp-hermes/index.js:207295:24)
    at Logger.trace (/opt/cacti/satp-hermes/index.js:189974:22)
    at new Stage0SATPHandler (/opt/cacti/satp-hermes/index.js:989416:21)
    at /opt/cacti/satp-hermes/index.js:1003942:33
    at Array.forEach (<anonymous>)
    at SATPManager.initializeHandlers (/opt/cacti/satp-hermes/index.js:1003939:25)
    at new SATPManager (/opt/cacti/satp-hermes/index.js:1003722:14)
    at new BLODispatcher (/opt/cacti/satp-hermes/index.js:985639:24)
    at new SATPGateway (/opt/cacti/satp-hermes/index.js:1002191:30)
    at launchGateway (/opt/cacti/satp-hermes/index.js:1001989:21)
Trace: [2025-05-22T22:08:44.115Z] TRACE (SATPHandler-Stage1): Initialized stage-1-handler
    at Logger.trace (/opt/cacti/satp-hermes/index.js:207295:24)
    at Logger.trace (/opt/cacti/satp-hermes/index.js:189974:22)
    at new Stage1SATPHandler (/opt/cacti/satp-hermes/index.js:989593:21)
    at /opt/cacti/satp-hermes/index.js:1003942:33
    at Array.forEach (<anonymous>)
    at SATPManager.initializeHandlers (/opt/cacti/satp-hermes/index.js:1003939:25)
    at new SATPManager (/opt/cacti/satp-hermes/index.js:1003722:14)
    at new BLODispatcher (/opt/cacti/satp-hermes/index.js:985639:24)
    at new SATPGateway (/opt/cacti/satp-hermes/index.js:1002191:30)
    at launchGateway (/opt/cacti/satp-hermes/index.js:1001989:21)
Trace: [2025-05-22T22:08:44.115Z] TRACE (SATPHandler-Stage2): Initialized stage-2-handler
    at Logger.trace (/opt/cacti/satp-hermes/index.js:207295:24)
    at Logger.trace (/opt/cacti/satp-hermes/index.js:189974:22)
    at new Stage2SATPHandler (/opt/cacti/satp-hermes/index.js:989763:21)
    at /opt/cacti/satp-hermes/index.js:1003942:33
    at Array.forEach (<anonymous>)
    at SATPManager.initializeHandlers (/opt/cacti/satp-hermes/index.js:1003939:25)
    at new SATPManager (/opt/cacti/satp-hermes/index.js:1003722:14)
    at new BLODispatcher (/opt/cacti/satp-hermes/index.js:985639:24)
    at new SATPGateway (/opt/cacti/satp-hermes/index.js:1002191:30)
    at launchGateway (/opt/cacti/satp-hermes/index.js:1001989:21)
Trace: [2025-05-22T22:08:44.115Z] TRACE (SATPHandler-Stage3): Initialized stage-3-handler
    at Logger.trace (/opt/cacti/satp-hermes/index.js:207295:24)
    at Logger.trace (/opt/cacti/satp-hermes/index.js:189974:22)
    at new Stage3SATPHandler (/opt/cacti/satp-hermes/index.js:989873:21)
    at /opt/cacti/satp-hermes/index.js:1003942:33
    at Array.forEach (<anonymous>)
    at SATPManager.initializeHandlers (/opt/cacti/satp-hermes/index.js:1003939:25)
    at new SATPManager (/opt/cacti/satp-hermes/index.js:1003722:14)
    at new BLODispatcher (/opt/cacti/satp-hermes/index.js:985639:24)
    at new SATPGateway (/opt/cacti/satp-hermes/index.js:1002191:30)
    at launchGateway (/opt/cacti/satp-hermes/index.js:1001989:21)
Trace: [2025-05-22T22:08:44.115Z] TRACE (SATPGateway): Entering SATPGateway#startup()
    at Logger.trace (/opt/cacti/satp-hermes/index.js:207295:24)
    at Logger.trace (/opt/cacti/satp-hermes/index.js:189974:22)
    at SATPGateway.startup (/opt/cacti/satp-hermes/index.js:1002370:21)
    at launchGateway (/opt/cacti/satp-hermes/index.js:1001992:23)
Trace: [2025-05-22T22:08:44.118Z] TRACE (SATPGateway): Entering SATPGateway#startupGOLServer()
    at Logger.trace (/opt/cacti/satp-hermes/index.js:207295:24)
    at Logger.trace (/opt/cacti/satp-hermes/index.js:189974:22)
    at SATPGateway.startupGOLServer (/opt/cacti/satp-hermes/index.js:1002445:21)
    at SATPGateway.startup (/opt/cacti/satp-hermes/index.js:1002374:18)
    at launchGateway (/opt/cacti/satp-hermes/index.js:1001992:23)
Trace: [2025-05-22T22:08:44.190Z] TRACE (SATPGateway): Entering SATPGateway#getOrCreateHttpServer()
    at Logger.trace (/opt/cacti/satp-hermes/index.js:207295:24)
    at Logger.trace (/opt/cacti/satp-hermes/index.js:189974:22)
    at SATPGateway.getOrCreateHttpServer (/opt/cacti/satp-hermes/index.js:1002379:21)
    at launchGateway (/opt/cacti/satp-hermes/index.js:1001995:27)
    at process.processTicksAndRejections (node:internal/process/task_queues:95:5)
Trace: [2025-05-22T22:08:45.766Z] TRACE (SATPGateway): Entering SATPGateway#getOrCreateWebServices()
    at Logger.trace (/opt/cacti/satp-hermes/index.js:207295:24)
    at Logger.trace (/opt/cacti/satp-hermes/index.js:189974:22)
    at SATPGateway.getOrCreateWebServices (/opt/cacti/satp-hermes/index.js:1002233:21)
    at /opt/cacti/satp-hermes/index.js:4408:47
    at Array.map (<anonymous>)
    at AuthorizerFactory.getEndpoints (/opt/cacti/satp-hermes/index.js:4408:34)
    at AuthorizerFactory.initOnce (/opt/cacti/satp-hermes/index.js:4401:38)
    at ApiServer.startApiServer (/opt/cacti/satp-hermes/index.js:4180:28)
    at async ApiServer.start (/opt/cacti/satp-hermes/index.js:3684:36)
    at async SATPGateway.getOrCreateHttpServer (/opt/cacti/satp-hermes/index.js:1002416:9)
    at async launchGateway (/opt/cacti/satp-hermes/index.js:1001995:13)
[2025-05-22T22:08:45.768Z] WARN (AuthorizerFactory): The API server configuration specified no authorization protocol. All endpoints are exposed and unprotected. Do not use this in production!
Trace: [2025-05-22T22:08:45.768Z] TRACE (SATPGateway): Entering SATPGateway#getOrCreateWebServices()
    at Logger.trace (/opt/cacti/satp-hermes/index.js:207295:24)
    at Logger.trace (/opt/cacti/satp-hermes/index.js:189974:22)
    at SATPGateway.getOrCreateWebServices (/opt/cacti/satp-hermes/index.js:1002233:21)
    at /opt/cacti/satp-hermes/index.js:4196:21
    at Array.map (<anonymous>)
    at ApiServer.startApiServer (/opt/cacti/satp-hermes/index.js:4194:14)
    at async ApiServer.start (/opt/cacti/satp-hermes/index.js:3684:36)
    at async SATPGateway.getOrCreateHttpServer (/opt/cacti/satp-hermes/index.js:1002416:9)
    at async launchGateway (/opt/cacti/satp-hermes/index.js:1001995:13)
Trace: [2025-05-22T22:08:45.768Z] TRACE (SATPGateway): Entering SATPGateway#getOrCreateWebServices()
    at Logger.trace (/opt/cacti/satp-hermes/index.js:207295:24)
    at Logger.trace (/opt/cacti/satp-hermes/index.js:189974:22)
    at SATPGateway.getOrCreateWebServices (/opt/cacti/satp-hermes/index.js:1002233:21)
    at SATPGateway.registerWebServices (/opt/cacti/satp-hermes/index.js:1002224:40)
    at /opt/cacti/satp-hermes/index.js:4210:37
    at async Promise.all (index 0)
    at async ApiServer.startApiServer (/opt/cacti/satp-hermes/index.js:4213:29)
    at async ApiServer.start (/opt/cacti/satp-hermes/index.js:3684:36)
    at async SATPGateway.getOrCreateHttpServer (/opt/cacti/satp-hermes/index.js:1002416:9)
    at async launchGateway (/opt/cacti/satp-hermes/index.js:1001995:13)
Trace: [2025-05-22T22:10:21.611Z] TRACE (SATPGateway): Entering SATPGateway#verifySessionsState()
    at Logger.trace (/opt/cacti/satp-hermes/index.js:207295:24)
    at Logger.trace (/opt/cacti/satp-hermes/index.js:189974:22)
    at SATPGateway.verifySessionsState (/opt/cacti/satp-hermes/index.js:1002625:21)
    at SATPGateway.shutdown (/opt/cacti/satp-hermes/index.js:1002515:24)
    at /opt/cacti/satp-hermes/index.js:3870:35
    at Array.map (<anonymous>)
    at ApiServer.shutdown (/opt/cacti/satp-hermes/index.js:3869:14)
    at process.processTicksAndRejections (node:internal/process/task_queues:95:5)
Trace: [2025-05-22T22:10:21.612Z] TRACE (SATPGateway): Entering SATPGateway#verifySessionsState()
    at Logger.trace (/opt/cacti/satp-hermes/index.js:207295:24)
    at Logger.trace (/opt/cacti/satp-hermes/index.js:189974:22)
    at SATPGateway.verifySessionsState (/opt/cacti/satp-hermes/index.js:1002625:21)
    at SATPGateway.shutdown (/opt/cacti/satp-hermes/index.js:1002515:24)
    at /opt/cacti/satp-hermes/index.js:3870:35
    at Array.map (<anonymous>)
    at ApiServer.shutdown (/opt/cacti/satp-hermes/index.js:3869:14)
    at process.processTicksAndRejections (node:internal/process/task_queues:95:5)
[2025-05-22T22:10:21.614Z] ERROR (GatewayOrchestrator): Disconnect All Not implemented
