(node:6) [DEP0040] DeprecationWarning: The `punycode` module is deprecated. Please use a userland alternative instead.
(Use `node --trace-deprecation ...` to show where the warning was created)
(node:6) [DEP0005] DeprecationWarning: Buffer() is deprecated due to security and usability issues. Please use the Buffer.alloc(), Buffer.allocUnsafe(), or Buffer.from() methods instead.
Trace: [2025-05-22T15:18:57.430Z] TRACE (GatewayOrchestrator): Entering #getGatewaySeeds()
    at Logger.trace (/opt/cacti/satp-hermes/index.js:207295:24)
    at Logger.trace (/opt/cacti/satp-hermes/index.js:189974:22)
    at getGatewaySeeds (/opt/cacti/satp-hermes/index.js:1004408:12)
    at new GatewayOrchestrator (/opt/cacti/satp-hermes/index.js:1003278:68)
    at new SATPGateway (/opt/cacti/satp-hermes/index.js:1002158:40)
    at launchGateway (/opt/cacti/satp-hermes/index.js:1001989:21)
Trace: [2025-05-22T15:18:57.430Z] TRACE (GatewayOrchestrator): Entering GatewayOrchestrator#addGateways()
    at Logger.trace (/opt/cacti/satp-hermes/index.js:207295:24)
    at Logger.trace (/opt/cacti/satp-hermes/index.js:189974:22)
    at GatewayOrchestrator.addGateways (/opt/cacti/satp-hermes/index.js:1003550:21)
    at new GatewayOrchestrator (/opt/cacti/satp-hermes/index.js:1003284:14)
    at new SATPGateway (/opt/cacti/satp-hermes/index.js:1002158:40)
    at launchGateway (/opt/cacti/satp-hermes/index.js:1001989:21)
Trace: [2025-05-22T15:18:57.437Z] TRACE (SATPManager): Signer logger level: TRACE
    at Logger.trace (/opt/cacti/satp-hermes/index.js:207295:24)
    at Logger.trace (/opt/cacti/satp-hermes/index.js:189974:22)
    at new SATPService (/opt/cacti/satp-hermes/index.js:991523:21)
    at new Stage0ServerService (/opt/cacti/satp-hermes/index.js:991584:9)
    at /opt/cacti/satp-hermes/index.js:1003885:29
    at Array.forEach (<anonymous>)
    at SATPManager.initializeServices (/opt/cacti/satp-hermes/index.js:1003884:24)
    at new SATPManager (/opt/cacti/satp-hermes/index.js:1003717:14)
    at new BLODispatcher (/opt/cacti/satp-hermes/index.js:985639:24)
    at new SATPGateway (/opt/cacti/satp-hermes/index.js:1002191:30)
    at launchGateway (/opt/cacti/satp-hermes/index.js:1001989:21)
Trace: [2025-05-22T15:18:57.437Z] TRACE (SATPManager): Signer logger level: TRACE
    at Logger.trace (/opt/cacti/satp-hermes/index.js:207295:24)
    at Logger.trace (/opt/cacti/satp-hermes/index.js:189974:22)
    at new SATPService (/opt/cacti/satp-hermes/index.js:991523:21)
    at new Stage0ClientService (/opt/cacti/satp-hermes/index.js:990127:9)
    at /opt/cacti/satp-hermes/index.js:1003885:29
    at Array.forEach (<anonymous>)
    at SATPManager.initializeServices (/opt/cacti/satp-hermes/index.js:1003884:24)
    at new SATPManager (/opt/cacti/satp-hermes/index.js:1003717:14)
    at new BLODispatcher (/opt/cacti/satp-hermes/index.js:985639:24)
    at new SATPGateway (/opt/cacti/satp-hermes/index.js:1002191:30)
    at launchGateway (/opt/cacti/satp-hermes/index.js:1001989:21)
Trace: [2025-05-22T15:18:57.437Z] TRACE (SATPManager): Signer logger level: TRACE
    at Logger.trace (/opt/cacti/satp-hermes/index.js:207295:24)
    at Logger.trace (/opt/cacti/satp-hermes/index.js:189974:22)
    at new SATPService (/opt/cacti/satp-hermes/index.js:991523:21)
    at new Stage1ServerService (/opt/cacti/satp-hermes/index.js:991966:9)
    at /opt/cacti/satp-hermes/index.js:1003885:29
    at Array.forEach (<anonymous>)
    at SATPManager.initializeServices (/opt/cacti/satp-hermes/index.js:1003884:24)
    at new SATPManager (/opt/cacti/satp-hermes/index.js:1003717:14)
    at new BLODispatcher (/opt/cacti/satp-hermes/index.js:985639:24)
    at new SATPGateway (/opt/cacti/satp-hermes/index.js:1002191:30)
    at launchGateway (/opt/cacti/satp-hermes/index.js:1001989:21)
Trace: [2025-05-22T15:18:57.437Z] TRACE (SATPManager): Signer logger level: TRACE
    at Logger.trace (/opt/cacti/satp-hermes/index.js:207295:24)
    at Logger.trace (/opt/cacti/satp-hermes/index.js:189974:22)
    at new SATPService (/opt/cacti/satp-hermes/index.js:991523:21)
    at new Stage1ClientService (/opt/cacti/satp-hermes/index.js:990417:9)
    at /opt/cacti/satp-hermes/index.js:1003885:29
    at Array.forEach (<anonymous>)
    at SATPManager.initializeServices (/opt/cacti/satp-hermes/index.js:1003884:24)
    at new SATPManager (/opt/cacti/satp-hermes/index.js:1003717:14)
    at new BLODispatcher (/opt/cacti/satp-hermes/index.js:985639:24)
    at new SATPGateway (/opt/cacti/satp-hermes/index.js:1002191:30)
    at launchGateway (/opt/cacti/satp-hermes/index.js:1001989:21)
Trace: [2025-05-22T15:18:57.437Z] TRACE (SATPManager): Signer logger level: TRACE
    at Logger.trace (/opt/cacti/satp-hermes/index.js:207295:24)
    at Logger.trace (/opt/cacti/satp-hermes/index.js:189974:22)
    at new SATPService (/opt/cacti/satp-hermes/index.js:991523:21)
    at new Stage2ServerService (/opt/cacti/satp-hermes/index.js:992367:9)
    at /opt/cacti/satp-hermes/index.js:1003885:29
    at Array.forEach (<anonymous>)
    at SATPManager.initializeServices (/opt/cacti/satp-hermes/index.js:1003884:24)
    at new SATPManager (/opt/cacti/satp-hermes/index.js:1003717:14)
    at new BLODispatcher (/opt/cacti/satp-hermes/index.js:985639:24)
    at new SATPGateway (/opt/cacti/satp-hermes/index.js:1002191:30)
    at launchGateway (/opt/cacti/satp-hermes/index.js:1001989:21)
Trace: [2025-05-22T15:18:57.437Z] TRACE (SATPManager): Signer logger level: TRACE
    at Logger.trace (/opt/cacti/satp-hermes/index.js:207295:24)
    at Logger.trace (/opt/cacti/satp-hermes/index.js:189974:22)
    at new SATPService (/opt/cacti/satp-hermes/index.js:991523:21)
    at new Stage2ClientService (/opt/cacti/satp-hermes/index.js:990749:9)
    at /opt/cacti/satp-hermes/index.js:1003885:29
    at Array.forEach (<anonymous>)
    at SATPManager.initializeServices (/opt/cacti/satp-hermes/index.js:1003884:24)
    at new SATPManager (/opt/cacti/satp-hermes/index.js:1003717:14)
    at new BLODispatcher (/opt/cacti/satp-hermes/index.js:985639:24)
    at new SATPGateway (/opt/cacti/satp-hermes/index.js:1002191:30)
    at launchGateway (/opt/cacti/satp-hermes/index.js:1001989:21)
Trace: [2025-05-22T15:18:57.438Z] TRACE (SATPManager): Signer logger level: TRACE
    at Logger.trace (/opt/cacti/satp-hermes/index.js:207295:24)
    at Logger.trace (/opt/cacti/satp-hermes/index.js:189974:22)
    at new SATPService (/opt/cacti/satp-hermes/index.js:991523:21)
    at new Stage3ServerService (/opt/cacti/satp-hermes/index.js:992529:9)
    at /opt/cacti/satp-hermes/index.js:1003885:29
    at Array.forEach (<anonymous>)
    at SATPManager.initializeServices (/opt/cacti/satp-hermes/index.js:1003884:24)
    at new SATPManager (/opt/cacti/satp-hermes/index.js:1003717:14)
    at new BLODispatcher (/opt/cacti/satp-hermes/index.js:985639:24)
    at new SATPGateway (/opt/cacti/satp-hermes/index.js:1002191:30)
    at launchGateway (/opt/cacti/satp-hermes/index.js:1001989:21)
Trace: [2025-05-22T15:18:57.438Z] TRACE (SATPManager): Signer logger level: TRACE
    at Logger.trace (/opt/cacti/satp-hermes/index.js:207295:24)
    at Logger.trace (/opt/cacti/satp-hermes/index.js:189974:22)
    at new SATPService (/opt/cacti/satp-hermes/index.js:991523:21)
    at new Stage3ClientService (/opt/cacti/satp-hermes/index.js:990982:9)
    at /opt/cacti/satp-hermes/index.js:1003885:29
    at Array.forEach (<anonymous>)
    at SATPManager.initializeServices (/opt/cacti/satp-hermes/index.js:1003884:24)
    at new SATPManager (/opt/cacti/satp-hermes/index.js:1003717:14)
    at new BLODispatcher (/opt/cacti/satp-hermes/index.js:985639:24)
    at new SATPGateway (/opt/cacti/satp-hermes/index.js:1002191:30)
    at launchGateway (/opt/cacti/satp-hermes/index.js:1001989:21)
Trace: [2025-05-22T15:18:57.438Z] TRACE (SATPHandler-Stage0): Initialized stage-0-handler
    at Logger.trace (/opt/cacti/satp-hermes/index.js:207295:24)
    at Logger.trace (/opt/cacti/satp-hermes/index.js:189974:22)
    at new Stage0SATPHandler (/opt/cacti/satp-hermes/index.js:989416:21)
    at /opt/cacti/satp-hermes/index.js:1003942:33
    at Array.forEach (<anonymous>)
    at SATPManager.initializeHandlers (/opt/cacti/satp-hermes/index.js:1003939:25)
    at new SATPManager (/opt/cacti/satp-hermes/index.js:1003722:14)
    at new BLODispatcher (/opt/cacti/satp-hermes/index.js:985639:24)
    at new SATPGateway (/opt/cacti/satp-hermes/index.js:1002191:30)
    at launchGateway (/opt/cacti/satp-hermes/index.js:1001989:21)
Trace: [2025-05-22T15:18:57.438Z] TRACE (SATPHandler-Stage1): Initialized stage-1-handler
    at Logger.trace (/opt/cacti/satp-hermes/index.js:207295:24)
    at Logger.trace (/opt/cacti/satp-hermes/index.js:189974:22)
    at new Stage1SATPHandler (/opt/cacti/satp-hermes/index.js:989593:21)
    at /opt/cacti/satp-hermes/index.js:1003942:33
    at Array.forEach (<anonymous>)
    at SATPManager.initializeHandlers (/opt/cacti/satp-hermes/index.js:1003939:25)
    at new SATPManager (/opt/cacti/satp-hermes/index.js:1003722:14)
    at new BLODispatcher (/opt/cacti/satp-hermes/index.js:985639:24)
    at new SATPGateway (/opt/cacti/satp-hermes/index.js:1002191:30)
    at launchGateway (/opt/cacti/satp-hermes/index.js:1001989:21)
Trace: [2025-05-22T15:18:57.439Z] TRACE (SATPHandler-Stage2): Initialized stage-2-handler
    at Logger.trace (/opt/cacti/satp-hermes/index.js:207295:24)
    at Logger.trace (/opt/cacti/satp-hermes/index.js:189974:22)
    at new Stage2SATPHandler (/opt/cacti/satp-hermes/index.js:989763:21)
    at /opt/cacti/satp-hermes/index.js:1003942:33
    at Array.forEach (<anonymous>)
    at SATPManager.initializeHandlers (/opt/cacti/satp-hermes/index.js:1003939:25)
    at new SATPManager (/opt/cacti/satp-hermes/index.js:1003722:14)
    at new BLODispatcher (/opt/cacti/satp-hermes/index.js:985639:24)
    at new SATPGateway (/opt/cacti/satp-hermes/index.js:1002191:30)
    at launchGateway (/opt/cacti/satp-hermes/index.js:1001989:21)
Trace: [2025-05-22T15:18:57.439Z] TRACE (SATPHandler-Stage3): Initialized stage-3-handler
    at Logger.trace (/opt/cacti/satp-hermes/index.js:207295:24)
    at Logger.trace (/opt/cacti/satp-hermes/index.js:189974:22)
    at new Stage3SATPHandler (/opt/cacti/satp-hermes/index.js:989873:21)
    at /opt/cacti/satp-hermes/index.js:1003942:33
    at Array.forEach (<anonymous>)
    at SATPManager.initializeHandlers (/opt/cacti/satp-hermes/index.js:1003939:25)
    at new SATPManager (/opt/cacti/satp-hermes/index.js:1003722:14)
    at new BLODispatcher (/opt/cacti/satp-hermes/index.js:985639:24)
    at new SATPGateway (/opt/cacti/satp-hermes/index.js:1002191:30)
    at launchGateway (/opt/cacti/satp-hermes/index.js:1001989:21)
Trace: [2025-05-22T15:18:57.439Z] TRACE (SATPGateway): Entering SATPGateway#startup()
    at Logger.trace (/opt/cacti/satp-hermes/index.js:207295:24)
    at Logger.trace (/opt/cacti/satp-hermes/index.js:189974:22)
    at SATPGateway.startup (/opt/cacti/satp-hermes/index.js:1002370:21)
    at launchGateway (/opt/cacti/satp-hermes/index.js:1001992:23)
Trace: [2025-05-22T15:18:57.442Z] TRACE (SATPGateway): Entering SATPGateway#startupGOLServer()
    at Logger.trace (/opt/cacti/satp-hermes/index.js:207295:24)
    at Logger.trace (/opt/cacti/satp-hermes/index.js:189974:22)
    at SATPGateway.startupGOLServer (/opt/cacti/satp-hermes/index.js:1002445:21)
    at SATPGateway.startup (/opt/cacti/satp-hermes/index.js:1002374:18)
    at launchGateway (/opt/cacti/satp-hermes/index.js:1001992:23)
Trace: [2025-05-22T15:18:57.550Z] TRACE (SATPGateway): Entering SATPGateway#getOrCreateHttpServer()
    at Logger.trace (/opt/cacti/satp-hermes/index.js:207295:24)
    at Logger.trace (/opt/cacti/satp-hermes/index.js:189974:22)
    at SATPGateway.getOrCreateHttpServer (/opt/cacti/satp-hermes/index.js:1002379:21)
    at launchGateway (/opt/cacti/satp-hermes/index.js:1001995:27)
    at process.processTicksAndRejections (node:internal/process/task_queues:95:5)
Trace: [2025-05-22T15:18:58.382Z] TRACE (SATPGateway): Entering SATPGateway#getOrCreateWebServices()
    at Logger.trace (/opt/cacti/satp-hermes/index.js:207295:24)
    at Logger.trace (/opt/cacti/satp-hermes/index.js:189974:22)
    at SATPGateway.getOrCreateWebServices (/opt/cacti/satp-hermes/index.js:1002233:21)
    at /opt/cacti/satp-hermes/index.js:4408:47
    at Array.map (<anonymous>)
    at AuthorizerFactory.getEndpoints (/opt/cacti/satp-hermes/index.js:4408:34)
    at AuthorizerFactory.initOnce (/opt/cacti/satp-hermes/index.js:4401:38)
    at ApiServer.startApiServer (/opt/cacti/satp-hermes/index.js:4180:28)
    at async ApiServer.start (/opt/cacti/satp-hermes/index.js:3684:36)
    at async SATPGateway.getOrCreateHttpServer (/opt/cacti/satp-hermes/index.js:1002416:9)
    at async launchGateway (/opt/cacti/satp-hermes/index.js:1001995:13)
[2025-05-22T15:18:58.383Z] WARN (AuthorizerFactory): The API server configuration specified no authorization protocol. All endpoints are exposed and unprotected. Do not use this in production!
Trace: [2025-05-22T15:18:58.384Z] TRACE (SATPGateway): Entering SATPGateway#getOrCreateWebServices()
    at Logger.trace (/opt/cacti/satp-hermes/index.js:207295:24)
    at Logger.trace (/opt/cacti/satp-hermes/index.js:189974:22)
    at SATPGateway.getOrCreateWebServices (/opt/cacti/satp-hermes/index.js:1002233:21)
    at /opt/cacti/satp-hermes/index.js:4196:21
    at Array.map (<anonymous>)
    at ApiServer.startApiServer (/opt/cacti/satp-hermes/index.js:4194:14)
    at async ApiServer.start (/opt/cacti/satp-hermes/index.js:3684:36)
    at async SATPGateway.getOrCreateHttpServer (/opt/cacti/satp-hermes/index.js:1002416:9)
    at async launchGateway (/opt/cacti/satp-hermes/index.js:1001995:13)
Trace: [2025-05-22T15:18:58.384Z] TRACE (SATPGateway): Entering SATPGateway#getOrCreateWebServices()
    at Logger.trace (/opt/cacti/satp-hermes/index.js:207295:24)
    at Logger.trace (/opt/cacti/satp-hermes/index.js:189974:22)
    at SATPGateway.getOrCreateWebServices (/opt/cacti/satp-hermes/index.js:1002233:21)
    at SATPGateway.registerWebServices (/opt/cacti/satp-hermes/index.js:1002224:40)
    at /opt/cacti/satp-hermes/index.js:4210:37
    at async Promise.all (index 0)
    at async ApiServer.startApiServer (/opt/cacti/satp-hermes/index.js:4213:29)
    at async ApiServer.start (/opt/cacti/satp-hermes/index.js:3684:36)
    at async SATPGateway.getOrCreateHttpServer (/opt/cacti/satp-hermes/index.js:1002416:9)
    at async launchGateway (/opt/cacti/satp-hermes/index.js:1001995:13)
Trace: [2025-05-22T15:20:03.649Z] TRACE (SATPGateway): Entering SATPGateway#verifySessionsState()
    at Logger.trace (/opt/cacti/satp-hermes/index.js:207295:24)
    at Logger.trace (/opt/cacti/satp-hermes/index.js:189974:22)
    at SATPGateway.verifySessionsState (/opt/cacti/satp-hermes/index.js:1002625:21)
    at SATPGateway.shutdown (/opt/cacti/satp-hermes/index.js:1002515:24)
    at /opt/cacti/satp-hermes/index.js:3870:35
    at Array.map (<anonymous>)
    at ApiServer.shutdown (/opt/cacti/satp-hermes/index.js:3869:14)
    at process.processTicksAndRejections (node:internal/process/task_queues:95:5)
Trace: [2025-05-22T15:20:03.650Z] TRACE (SATPGateway): Entering SATPGateway#verifySessionsState()
    at Logger.trace (/opt/cacti/satp-hermes/index.js:207295:24)
    at Logger.trace (/opt/cacti/satp-hermes/index.js:189974:22)
    at SATPGateway.verifySessionsState (/opt/cacti/satp-hermes/index.js:1002625:21)
    at SATPGateway.shutdown (/opt/cacti/satp-hermes/index.js:1002515:24)
    at /opt/cacti/satp-hermes/index.js:3870:35
    at Array.map (<anonymous>)
    at ApiServer.shutdown (/opt/cacti/satp-hermes/index.js:3869:14)
    at process.processTicksAndRejections (node:internal/process/task_queues:95:5)
[2025-05-22T15:20:03.652Z] ERROR (GatewayOrchestrator): Disconnect All Not implemented
(node:7) [DEP0040] DeprecationWarning: The `punycode` module is deprecated. Please use a userland alternative instead.
(Use `node --trace-deprecation ...` to show where the warning was created)
(node:7) [DEP0005] DeprecationWarning: Buffer() is deprecated due to security and usability issues. Please use the Buffer.alloc(), Buffer.allocUnsafe(), or Buffer.from() methods instead.
Trace: [2025-05-22T18:49:22.915Z] TRACE (GatewayOrchestrator): Entering #getGatewaySeeds()
    at Logger.trace (/opt/cacti/satp-hermes/index.js:207295:24)
    at Logger.trace (/opt/cacti/satp-hermes/index.js:189974:22)
    at getGatewaySeeds (/opt/cacti/satp-hermes/index.js:1004408:12)
    at new GatewayOrchestrator (/opt/cacti/satp-hermes/index.js:1003278:68)
    at new SATPGateway (/opt/cacti/satp-hermes/index.js:1002158:40)
    at launchGateway (/opt/cacti/satp-hermes/index.js:1001989:21)
Trace: [2025-05-22T18:49:22.915Z] TRACE (GatewayOrchestrator): Entering GatewayOrchestrator#addGateways()
    at Logger.trace (/opt/cacti/satp-hermes/index.js:207295:24)
    at Logger.trace (/opt/cacti/satp-hermes/index.js:189974:22)
    at GatewayOrchestrator.addGateways (/opt/cacti/satp-hermes/index.js:1003550:21)
    at new GatewayOrchestrator (/opt/cacti/satp-hermes/index.js:1003284:14)
    at new SATPGateway (/opt/cacti/satp-hermes/index.js:1002158:40)
    at launchGateway (/opt/cacti/satp-hermes/index.js:1001989:21)
Trace: [2025-05-22T18:49:22.922Z] TRACE (SATPManager): Signer logger level: TRACE
    at Logger.trace (/opt/cacti/satp-hermes/index.js:207295:24)
    at Logger.trace (/opt/cacti/satp-hermes/index.js:189974:22)
    at new SATPService (/opt/cacti/satp-hermes/index.js:991523:21)
    at new Stage0ServerService (/opt/cacti/satp-hermes/index.js:991584:9)
    at /opt/cacti/satp-hermes/index.js:1003885:29
    at Array.forEach (<anonymous>)
    at SATPManager.initializeServices (/opt/cacti/satp-hermes/index.js:1003884:24)
    at new SATPManager (/opt/cacti/satp-hermes/index.js:1003717:14)
    at new BLODispatcher (/opt/cacti/satp-hermes/index.js:985639:24)
    at new SATPGateway (/opt/cacti/satp-hermes/index.js:1002191:30)
    at launchGateway (/opt/cacti/satp-hermes/index.js:1001989:21)
Trace: [2025-05-22T18:49:22.922Z] TRACE (SATPManager): Signer logger level: TRACE
    at Logger.trace (/opt/cacti/satp-hermes/index.js:207295:24)
    at Logger.trace (/opt/cacti/satp-hermes/index.js:189974:22)
    at new SATPService (/opt/cacti/satp-hermes/index.js:991523:21)
    at new Stage0ClientService (/opt/cacti/satp-hermes/index.js:990127:9)
    at /opt/cacti/satp-hermes/index.js:1003885:29
    at Array.forEach (<anonymous>)
    at SATPManager.initializeServices (/opt/cacti/satp-hermes/index.js:1003884:24)
    at new SATPManager (/opt/cacti/satp-hermes/index.js:1003717:14)
    at new BLODispatcher (/opt/cacti/satp-hermes/index.js:985639:24)
    at new SATPGateway (/opt/cacti/satp-hermes/index.js:1002191:30)
    at launchGateway (/opt/cacti/satp-hermes/index.js:1001989:21)
Trace: [2025-05-22T18:49:22.922Z] TRACE (SATPManager): Signer logger level: TRACE
    at Logger.trace (/opt/cacti/satp-hermes/index.js:207295:24)
    at Logger.trace (/opt/cacti/satp-hermes/index.js:189974:22)
    at new SATPService (/opt/cacti/satp-hermes/index.js:991523:21)
    at new Stage1ServerService (/opt/cacti/satp-hermes/index.js:991966:9)
    at /opt/cacti/satp-hermes/index.js:1003885:29
    at Array.forEach (<anonymous>)
    at SATPManager.initializeServices (/opt/cacti/satp-hermes/index.js:1003884:24)
    at new SATPManager (/opt/cacti/satp-hermes/index.js:1003717:14)
    at new BLODispatcher (/opt/cacti/satp-hermes/index.js:985639:24)
    at new SATPGateway (/opt/cacti/satp-hermes/index.js:1002191:30)
    at launchGateway (/opt/cacti/satp-hermes/index.js:1001989:21)
Trace: [2025-05-22T18:49:22.922Z] TRACE (SATPManager): Signer logger level: TRACE
    at Logger.trace (/opt/cacti/satp-hermes/index.js:207295:24)
    at Logger.trace (/opt/cacti/satp-hermes/index.js:189974:22)
    at new SATPService (/opt/cacti/satp-hermes/index.js:991523:21)
    at new Stage1ClientService (/opt/cacti/satp-hermes/index.js:990417:9)
    at /opt/cacti/satp-hermes/index.js:1003885:29
    at Array.forEach (<anonymous>)
    at SATPManager.initializeServices (/opt/cacti/satp-hermes/index.js:1003884:24)
    at new SATPManager (/opt/cacti/satp-hermes/index.js:1003717:14)
    at new BLODispatcher (/opt/cacti/satp-hermes/index.js:985639:24)
    at new SATPGateway (/opt/cacti/satp-hermes/index.js:1002191:30)
    at launchGateway (/opt/cacti/satp-hermes/index.js:1001989:21)
Trace: [2025-05-22T18:49:22.922Z] TRACE (SATPManager): Signer logger level: TRACE
    at Logger.trace (/opt/cacti/satp-hermes/index.js:207295:24)
    at Logger.trace (/opt/cacti/satp-hermes/index.js:189974:22)
    at new SATPService (/opt/cacti/satp-hermes/index.js:991523:21)
    at new Stage2ServerService (/opt/cacti/satp-hermes/index.js:992367:9)
    at /opt/cacti/satp-hermes/index.js:1003885:29
    at Array.forEach (<anonymous>)
    at SATPManager.initializeServices (/opt/cacti/satp-hermes/index.js:1003884:24)
    at new SATPManager (/opt/cacti/satp-hermes/index.js:1003717:14)
    at new BLODispatcher (/opt/cacti/satp-hermes/index.js:985639:24)
    at new SATPGateway (/opt/cacti/satp-hermes/index.js:1002191:30)
    at launchGateway (/opt/cacti/satp-hermes/index.js:1001989:21)
Trace: [2025-05-22T18:49:22.922Z] TRACE (SATPManager): Signer logger level: TRACE
    at Logger.trace (/opt/cacti/satp-hermes/index.js:207295:24)
    at Logger.trace (/opt/cacti/satp-hermes/index.js:189974:22)
    at new SATPService (/opt/cacti/satp-hermes/index.js:991523:21)
    at new Stage2ClientService (/opt/cacti/satp-hermes/index.js:990749:9)
    at /opt/cacti/satp-hermes/index.js:1003885:29
    at Array.forEach (<anonymous>)
    at SATPManager.initializeServices (/opt/cacti/satp-hermes/index.js:1003884:24)
    at new SATPManager (/opt/cacti/satp-hermes/index.js:1003717:14)
    at new BLODispatcher (/opt/cacti/satp-hermes/index.js:985639:24)
    at new SATPGateway (/opt/cacti/satp-hermes/index.js:1002191:30)
    at launchGateway (/opt/cacti/satp-hermes/index.js:1001989:21)
Trace: [2025-05-22T18:49:22.922Z] TRACE (SATPManager): Signer logger level: TRACE
    at Logger.trace (/opt/cacti/satp-hermes/index.js:207295:24)
    at Logger.trace (/opt/cacti/satp-hermes/index.js:189974:22)
    at new SATPService (/opt/cacti/satp-hermes/index.js:991523:21)
    at new Stage3ServerService (/opt/cacti/satp-hermes/index.js:992529:9)
    at /opt/cacti/satp-hermes/index.js:1003885:29
    at Array.forEach (<anonymous>)
    at SATPManager.initializeServices (/opt/cacti/satp-hermes/index.js:1003884:24)
    at new SATPManager (/opt/cacti/satp-hermes/index.js:1003717:14)
    at new BLODispatcher (/opt/cacti/satp-hermes/index.js:985639:24)
    at new SATPGateway (/opt/cacti/satp-hermes/index.js:1002191:30)
    at launchGateway (/opt/cacti/satp-hermes/index.js:1001989:21)
Trace: [2025-05-22T18:49:22.923Z] TRACE (SATPManager): Signer logger level: TRACE
    at Logger.trace (/opt/cacti/satp-hermes/index.js:207295:24)
    at Logger.trace (/opt/cacti/satp-hermes/index.js:189974:22)
    at new SATPService (/opt/cacti/satp-hermes/index.js:991523:21)
    at new Stage3ClientService (/opt/cacti/satp-hermes/index.js:990982:9)
    at /opt/cacti/satp-hermes/index.js:1003885:29
    at Array.forEach (<anonymous>)
    at SATPManager.initializeServices (/opt/cacti/satp-hermes/index.js:1003884:24)
    at new SATPManager (/opt/cacti/satp-hermes/index.js:1003717:14)
    at new BLODispatcher (/opt/cacti/satp-hermes/index.js:985639:24)
    at new SATPGateway (/opt/cacti/satp-hermes/index.js:1002191:30)
    at launchGateway (/opt/cacti/satp-hermes/index.js:1001989:21)
Trace: [2025-05-22T18:49:22.923Z] TRACE (SATPHandler-Stage0): Initialized stage-0-handler
    at Logger.trace (/opt/cacti/satp-hermes/index.js:207295:24)
    at Logger.trace (/opt/cacti/satp-hermes/index.js:189974:22)
    at new Stage0SATPHandler (/opt/cacti/satp-hermes/index.js:989416:21)
    at /opt/cacti/satp-hermes/index.js:1003942:33
    at Array.forEach (<anonymous>)
    at SATPManager.initializeHandlers (/opt/cacti/satp-hermes/index.js:1003939:25)
    at new SATPManager (/opt/cacti/satp-hermes/index.js:1003722:14)
    at new BLODispatcher (/opt/cacti/satp-hermes/index.js:985639:24)
    at new SATPGateway (/opt/cacti/satp-hermes/index.js:1002191:30)
    at launchGateway (/opt/cacti/satp-hermes/index.js:1001989:21)
Trace: [2025-05-22T18:49:22.923Z] TRACE (SATPHandler-Stage1): Initialized stage-1-handler
    at Logger.trace (/opt/cacti/satp-hermes/index.js:207295:24)
    at Logger.trace (/opt/cacti/satp-hermes/index.js:189974:22)
    at new Stage1SATPHandler (/opt/cacti/satp-hermes/index.js:989593:21)
    at /opt/cacti/satp-hermes/index.js:1003942:33
    at Array.forEach (<anonymous>)
    at SATPManager.initializeHandlers (/opt/cacti/satp-hermes/index.js:1003939:25)
    at new SATPManager (/opt/cacti/satp-hermes/index.js:1003722:14)
    at new BLODispatcher (/opt/cacti/satp-hermes/index.js:985639:24)
    at new SATPGateway (/opt/cacti/satp-hermes/index.js:1002191:30)
    at launchGateway (/opt/cacti/satp-hermes/index.js:1001989:21)
Trace: [2025-05-22T18:49:22.923Z] TRACE (SATPHandler-Stage2): Initialized stage-2-handler
    at Logger.trace (/opt/cacti/satp-hermes/index.js:207295:24)
    at Logger.trace (/opt/cacti/satp-hermes/index.js:189974:22)
    at new Stage2SATPHandler (/opt/cacti/satp-hermes/index.js:989763:21)
    at /opt/cacti/satp-hermes/index.js:1003942:33
    at Array.forEach (<anonymous>)
    at SATPManager.initializeHandlers (/opt/cacti/satp-hermes/index.js:1003939:25)
    at new SATPManager (/opt/cacti/satp-hermes/index.js:1003722:14)
    at new BLODispatcher (/opt/cacti/satp-hermes/index.js:985639:24)
    at new SATPGateway (/opt/cacti/satp-hermes/index.js:1002191:30)
    at launchGateway (/opt/cacti/satp-hermes/index.js:1001989:21)
Trace: [2025-05-22T18:49:22.924Z] TRACE (SATPHandler-Stage3): Initialized stage-3-handler
    at Logger.trace (/opt/cacti/satp-hermes/index.js:207295:24)
    at Logger.trace (/opt/cacti/satp-hermes/index.js:189974:22)
    at new Stage3SATPHandler (/opt/cacti/satp-hermes/index.js:989873:21)
    at /opt/cacti/satp-hermes/index.js:1003942:33
    at Array.forEach (<anonymous>)
    at SATPManager.initializeHandlers (/opt/cacti/satp-hermes/index.js:1003939:25)
    at new SATPManager (/opt/cacti/satp-hermes/index.js:1003722:14)
    at new BLODispatcher (/opt/cacti/satp-hermes/index.js:985639:24)
    at new SATPGateway (/opt/cacti/satp-hermes/index.js:1002191:30)
    at launchGateway (/opt/cacti/satp-hermes/index.js:1001989:21)
Trace: [2025-05-22T18:49:22.924Z] TRACE (SATPGateway): Entering SATPGateway#startup()
    at Logger.trace (/opt/cacti/satp-hermes/index.js:207295:24)
    at Logger.trace (/opt/cacti/satp-hermes/index.js:189974:22)
    at SATPGateway.startup (/opt/cacti/satp-hermes/index.js:1002370:21)
    at launchGateway (/opt/cacti/satp-hermes/index.js:1001992:23)
Trace: [2025-05-22T18:49:22.927Z] TRACE (SATPGateway): Entering SATPGateway#startupGOLServer()
    at Logger.trace (/opt/cacti/satp-hermes/index.js:207295:24)
    at Logger.trace (/opt/cacti/satp-hermes/index.js:189974:22)
    at SATPGateway.startupGOLServer (/opt/cacti/satp-hermes/index.js:1002445:21)
    at SATPGateway.startup (/opt/cacti/satp-hermes/index.js:1002374:18)
    at launchGateway (/opt/cacti/satp-hermes/index.js:1001992:23)
Trace: [2025-05-22T18:49:22.998Z] TRACE (SATPGateway): Entering SATPGateway#getOrCreateHttpServer()
    at Logger.trace (/opt/cacti/satp-hermes/index.js:207295:24)
    at Logger.trace (/opt/cacti/satp-hermes/index.js:189974:22)
    at SATPGateway.getOrCreateHttpServer (/opt/cacti/satp-hermes/index.js:1002379:21)
    at launchGateway (/opt/cacti/satp-hermes/index.js:1001995:27)
    at process.processTicksAndRejections (node:internal/process/task_queues:95:5)
Trace: [2025-05-22T18:49:24.148Z] TRACE (SATPGateway): Entering SATPGateway#getOrCreateWebServices()
    at Logger.trace (/opt/cacti/satp-hermes/index.js:207295:24)
    at Logger.trace (/opt/cacti/satp-hermes/index.js:189974:22)
    at SATPGateway.getOrCreateWebServices (/opt/cacti/satp-hermes/index.js:1002233:21)
    at /opt/cacti/satp-hermes/index.js:4408:47
    at Array.map (<anonymous>)
    at AuthorizerFactory.getEndpoints (/opt/cacti/satp-hermes/index.js:4408:34)
    at AuthorizerFactory.initOnce (/opt/cacti/satp-hermes/index.js:4401:38)
    at ApiServer.startApiServer (/opt/cacti/satp-hermes/index.js:4180:28)
    at async ApiServer.start (/opt/cacti/satp-hermes/index.js:3684:36)
    at async SATPGateway.getOrCreateHttpServer (/opt/cacti/satp-hermes/index.js:1002416:9)
    at async launchGateway (/opt/cacti/satp-hermes/index.js:1001995:13)
[2025-05-22T18:49:24.150Z] WARN (AuthorizerFactory): The API server configuration specified no authorization protocol. All endpoints are exposed and unprotected. Do not use this in production!
Trace: [2025-05-22T18:49:24.150Z] TRACE (SATPGateway): Entering SATPGateway#getOrCreateWebServices()
    at Logger.trace (/opt/cacti/satp-hermes/index.js:207295:24)
    at Logger.trace (/opt/cacti/satp-hermes/index.js:189974:22)
    at SATPGateway.getOrCreateWebServices (/opt/cacti/satp-hermes/index.js:1002233:21)
    at /opt/cacti/satp-hermes/index.js:4196:21
    at Array.map (<anonymous>)
    at ApiServer.startApiServer (/opt/cacti/satp-hermes/index.js:4194:14)
    at async ApiServer.start (/opt/cacti/satp-hermes/index.js:3684:36)
    at async SATPGateway.getOrCreateHttpServer (/opt/cacti/satp-hermes/index.js:1002416:9)
    at async launchGateway (/opt/cacti/satp-hermes/index.js:1001995:13)
Trace: [2025-05-22T18:49:24.151Z] TRACE (SATPGateway): Entering SATPGateway#getOrCreateWebServices()
    at Logger.trace (/opt/cacti/satp-hermes/index.js:207295:24)
    at Logger.trace (/opt/cacti/satp-hermes/index.js:189974:22)
    at SATPGateway.getOrCreateWebServices (/opt/cacti/satp-hermes/index.js:1002233:21)
    at SATPGateway.registerWebServices (/opt/cacti/satp-hermes/index.js:1002224:40)
    at /opt/cacti/satp-hermes/index.js:4210:37
    at async Promise.all (index 0)
    at async ApiServer.startApiServer (/opt/cacti/satp-hermes/index.js:4213:29)
    at async ApiServer.start (/opt/cacti/satp-hermes/index.js:3684:36)
    at async SATPGateway.getOrCreateHttpServer (/opt/cacti/satp-hermes/index.js:1002416:9)
    at async launchGateway (/opt/cacti/satp-hermes/index.js:1001995:13)
(node:7) [DEP0040] DeprecationWarning: The `punycode` module is deprecated. Please use a userland alternative instead.
(Use `node --trace-deprecation ...` to show where the warning was created)
(node:7) [DEP0005] DeprecationWarning: Buffer() is deprecated due to security and usability issues. Please use the Buffer.alloc(), Buffer.allocUnsafe(), or Buffer.from() methods instead.
Trace: [2025-05-22T18:49:37.975Z] TRACE (GatewayOrchestrator): Entering #getGatewaySeeds()
    at Logger.trace (/opt/cacti/satp-hermes/index.js:207295:24)
    at Logger.trace (/opt/cacti/satp-hermes/index.js:189974:22)
    at getGatewaySeeds (/opt/cacti/satp-hermes/index.js:1004408:12)
    at new GatewayOrchestrator (/opt/cacti/satp-hermes/index.js:1003278:68)
    at new SATPGateway (/opt/cacti/satp-hermes/index.js:1002158:40)
    at launchGateway (/opt/cacti/satp-hermes/index.js:1001989:21)
Trace: [2025-05-22T18:49:37.975Z] TRACE (GatewayOrchestrator): Entering GatewayOrchestrator#addGateways()
    at Logger.trace (/opt/cacti/satp-hermes/index.js:207295:24)
    at Logger.trace (/opt/cacti/satp-hermes/index.js:189974:22)
    at GatewayOrchestrator.addGateways (/opt/cacti/satp-hermes/index.js:1003550:21)
    at new GatewayOrchestrator (/opt/cacti/satp-hermes/index.js:1003284:14)
    at new SATPGateway (/opt/cacti/satp-hermes/index.js:1002158:40)
    at launchGateway (/opt/cacti/satp-hermes/index.js:1001989:21)
[2025-05-22T18:49:37.976Z] WARN (OntologyManager): Ontologies path not provided. Ontologies must be added manually.
Trace: [2025-05-22T18:49:37.982Z] TRACE (SATPManager): Signer logger level: TRACE
    at Logger.trace (/opt/cacti/satp-hermes/index.js:207295:24)
    at Logger.trace (/opt/cacti/satp-hermes/index.js:189974:22)
    at new SATPService (/opt/cacti/satp-hermes/index.js:991523:21)
    at new Stage0ServerService (/opt/cacti/satp-hermes/index.js:991584:9)
    at /opt/cacti/satp-hermes/index.js:1003885:29
    at Array.forEach (<anonymous>)
    at SATPManager.initializeServices (/opt/cacti/satp-hermes/index.js:1003884:24)
    at new SATPManager (/opt/cacti/satp-hermes/index.js:1003717:14)
    at new BLODispatcher (/opt/cacti/satp-hermes/index.js:985639:24)
    at new SATPGateway (/opt/cacti/satp-hermes/index.js:1002191:30)
    at launchGateway (/opt/cacti/satp-hermes/index.js:1001989:21)
Trace: [2025-05-22T18:49:37.982Z] TRACE (SATPManager): Signer logger level: TRACE
    at Logger.trace (/opt/cacti/satp-hermes/index.js:207295:24)
    at Logger.trace (/opt/cacti/satp-hermes/index.js:189974:22)
    at new SATPService (/opt/cacti/satp-hermes/index.js:991523:21)
    at new Stage0ClientService (/opt/cacti/satp-hermes/index.js:990127:9)
    at /opt/cacti/satp-hermes/index.js:1003885:29
    at Array.forEach (<anonymous>)
    at SATPManager.initializeServices (/opt/cacti/satp-hermes/index.js:1003884:24)
    at new SATPManager (/opt/cacti/satp-hermes/index.js:1003717:14)
    at new BLODispatcher (/opt/cacti/satp-hermes/index.js:985639:24)
    at new SATPGateway (/opt/cacti/satp-hermes/index.js:1002191:30)
    at launchGateway (/opt/cacti/satp-hermes/index.js:1001989:21)
Trace: [2025-05-22T18:49:37.982Z] TRACE (SATPManager): Signer logger level: TRACE
    at Logger.trace (/opt/cacti/satp-hermes/index.js:207295:24)
    at Logger.trace (/opt/cacti/satp-hermes/index.js:189974:22)
    at new SATPService (/opt/cacti/satp-hermes/index.js:991523:21)
    at new Stage1ServerService (/opt/cacti/satp-hermes/index.js:991966:9)
    at /opt/cacti/satp-hermes/index.js:1003885:29
    at Array.forEach (<anonymous>)
    at SATPManager.initializeServices (/opt/cacti/satp-hermes/index.js:1003884:24)
    at new SATPManager (/opt/cacti/satp-hermes/index.js:1003717:14)
    at new BLODispatcher (/opt/cacti/satp-hermes/index.js:985639:24)
    at new SATPGateway (/opt/cacti/satp-hermes/index.js:1002191:30)
    at launchGateway (/opt/cacti/satp-hermes/index.js:1001989:21)
Trace: [2025-05-22T18:49:37.982Z] TRACE (SATPManager): Signer logger level: TRACE
    at Logger.trace (/opt/cacti/satp-hermes/index.js:207295:24)
    at Logger.trace (/opt/cacti/satp-hermes/index.js:189974:22)
    at new SATPService (/opt/cacti/satp-hermes/index.js:991523:21)
    at new Stage1ClientService (/opt/cacti/satp-hermes/index.js:990417:9)
    at /opt/cacti/satp-hermes/index.js:1003885:29
    at Array.forEach (<anonymous>)
    at SATPManager.initializeServices (/opt/cacti/satp-hermes/index.js:1003884:24)
    at new SATPManager (/opt/cacti/satp-hermes/index.js:1003717:14)
    at new BLODispatcher (/opt/cacti/satp-hermes/index.js:985639:24)
    at new SATPGateway (/opt/cacti/satp-hermes/index.js:1002191:30)
    at launchGateway (/opt/cacti/satp-hermes/index.js:1001989:21)
Trace: [2025-05-22T18:49:37.982Z] TRACE (SATPManager): Signer logger level: TRACE
    at Logger.trace (/opt/cacti/satp-hermes/index.js:207295:24)
    at Logger.trace (/opt/cacti/satp-hermes/index.js:189974:22)
    at new SATPService (/opt/cacti/satp-hermes/index.js:991523:21)
    at new Stage2ServerService (/opt/cacti/satp-hermes/index.js:992367:9)
    at /opt/cacti/satp-hermes/index.js:1003885:29
    at Array.forEach (<anonymous>)
    at SATPManager.initializeServices (/opt/cacti/satp-hermes/index.js:1003884:24)
    at new SATPManager (/opt/cacti/satp-hermes/index.js:1003717:14)
    at new BLODispatcher (/opt/cacti/satp-hermes/index.js:985639:24)
    at new SATPGateway (/opt/cacti/satp-hermes/index.js:1002191:30)
    at launchGateway (/opt/cacti/satp-hermes/index.js:1001989:21)
Trace: [2025-05-22T18:49:37.982Z] TRACE (SATPManager): Signer logger level: TRACE
    at Logger.trace (/opt/cacti/satp-hermes/index.js:207295:24)
    at Logger.trace (/opt/cacti/satp-hermes/index.js:189974:22)
    at new SATPService (/opt/cacti/satp-hermes/index.js:991523:21)
    at new Stage2ClientService (/opt/cacti/satp-hermes/index.js:990749:9)
    at /opt/cacti/satp-hermes/index.js:1003885:29
    at Array.forEach (<anonymous>)
    at SATPManager.initializeServices (/opt/cacti/satp-hermes/index.js:1003884:24)
    at new SATPManager (/opt/cacti/satp-hermes/index.js:1003717:14)
    at new BLODispatcher (/opt/cacti/satp-hermes/index.js:985639:24)
    at new SATPGateway (/opt/cacti/satp-hermes/index.js:1002191:30)
    at launchGateway (/opt/cacti/satp-hermes/index.js:1001989:21)
Trace: [2025-05-22T18:49:37.983Z] TRACE (SATPManager): Signer logger level: TRACE
    at Logger.trace (/opt/cacti/satp-hermes/index.js:207295:24)
    at Logger.trace (/opt/cacti/satp-hermes/index.js:189974:22)
    at new SATPService (/opt/cacti/satp-hermes/index.js:991523:21)
    at new Stage3ServerService (/opt/cacti/satp-hermes/index.js:992529:9)
    at /opt/cacti/satp-hermes/index.js:1003885:29
    at Array.forEach (<anonymous>)
    at SATPManager.initializeServices (/opt/cacti/satp-hermes/index.js:1003884:24)
    at new SATPManager (/opt/cacti/satp-hermes/index.js:1003717:14)
    at new BLODispatcher (/opt/cacti/satp-hermes/index.js:985639:24)
    at new SATPGateway (/opt/cacti/satp-hermes/index.js:1002191:30)
    at launchGateway (/opt/cacti/satp-hermes/index.js:1001989:21)
Trace: [2025-05-22T18:49:37.983Z] TRACE (SATPManager): Signer logger level: TRACE
    at Logger.trace (/opt/cacti/satp-hermes/index.js:207295:24)
    at Logger.trace (/opt/cacti/satp-hermes/index.js:189974:22)
    at new SATPService (/opt/cacti/satp-hermes/index.js:991523:21)
    at new Stage3ClientService (/opt/cacti/satp-hermes/index.js:990982:9)
    at /opt/cacti/satp-hermes/index.js:1003885:29
    at Array.forEach (<anonymous>)
    at SATPManager.initializeServices (/opt/cacti/satp-hermes/index.js:1003884:24)
    at new SATPManager (/opt/cacti/satp-hermes/index.js:1003717:14)
    at new BLODispatcher (/opt/cacti/satp-hermes/index.js:985639:24)
    at new SATPGateway (/opt/cacti/satp-hermes/index.js:1002191:30)
    at launchGateway (/opt/cacti/satp-hermes/index.js:1001989:21)
Trace: [2025-05-22T18:49:37.983Z] TRACE (SATPHandler-Stage0): Initialized stage-0-handler
    at Logger.trace (/opt/cacti/satp-hermes/index.js:207295:24)
    at Logger.trace (/opt/cacti/satp-hermes/index.js:189974:22)
    at new Stage0SATPHandler (/opt/cacti/satp-hermes/index.js:989416:21)
    at /opt/cacti/satp-hermes/index.js:1003942:33
    at Array.forEach (<anonymous>)
    at SATPManager.initializeHandlers (/opt/cacti/satp-hermes/index.js:1003939:25)
    at new SATPManager (/opt/cacti/satp-hermes/index.js:1003722:14)
    at new BLODispatcher (/opt/cacti/satp-hermes/index.js:985639:24)
    at new SATPGateway (/opt/cacti/satp-hermes/index.js:1002191:30)
    at launchGateway (/opt/cacti/satp-hermes/index.js:1001989:21)
Trace: [2025-05-22T18:49:37.983Z] TRACE (SATPHandler-Stage1): Initialized stage-1-handler
    at Logger.trace (/opt/cacti/satp-hermes/index.js:207295:24)
    at Logger.trace (/opt/cacti/satp-hermes/index.js:189974:22)
    at new Stage1SATPHandler (/opt/cacti/satp-hermes/index.js:989593:21)
    at /opt/cacti/satp-hermes/index.js:1003942:33
    at Array.forEach (<anonymous>)
    at SATPManager.initializeHandlers (/opt/cacti/satp-hermes/index.js:1003939:25)
    at new SATPManager (/opt/cacti/satp-hermes/index.js:1003722:14)
    at new BLODispatcher (/opt/cacti/satp-hermes/index.js:985639:24)
    at new SATPGateway (/opt/cacti/satp-hermes/index.js:1002191:30)
    at launchGateway (/opt/cacti/satp-hermes/index.js:1001989:21)
Trace: [2025-05-22T18:49:37.984Z] TRACE (SATPHandler-Stage2): Initialized stage-2-handler
    at Logger.trace (/opt/cacti/satp-hermes/index.js:207295:24)
    at Logger.trace (/opt/cacti/satp-hermes/index.js:189974:22)
    at new Stage2SATPHandler (/opt/cacti/satp-hermes/index.js:989763:21)
    at /opt/cacti/satp-hermes/index.js:1003942:33
    at Array.forEach (<anonymous>)
    at SATPManager.initializeHandlers (/opt/cacti/satp-hermes/index.js:1003939:25)
    at new SATPManager (/opt/cacti/satp-hermes/index.js:1003722:14)
    at new BLODispatcher (/opt/cacti/satp-hermes/index.js:985639:24)
    at new SATPGateway (/opt/cacti/satp-hermes/index.js:1002191:30)
    at launchGateway (/opt/cacti/satp-hermes/index.js:1001989:21)
Trace: [2025-05-22T18:49:37.984Z] TRACE (SATPHandler-Stage3): Initialized stage-3-handler
    at Logger.trace (/opt/cacti/satp-hermes/index.js:207295:24)
    at Logger.trace (/opt/cacti/satp-hermes/index.js:189974:22)
    at new Stage3SATPHandler (/opt/cacti/satp-hermes/index.js:989873:21)
    at /opt/cacti/satp-hermes/index.js:1003942:33
    at Array.forEach (<anonymous>)
    at SATPManager.initializeHandlers (/opt/cacti/satp-hermes/index.js:1003939:25)
    at new SATPManager (/opt/cacti/satp-hermes/index.js:1003722:14)
    at new BLODispatcher (/opt/cacti/satp-hermes/index.js:985639:24)
    at new SATPGateway (/opt/cacti/satp-hermes/index.js:1002191:30)
    at launchGateway (/opt/cacti/satp-hermes/index.js:1001989:21)
Trace: [2025-05-22T18:49:37.984Z] TRACE (SATPGateway): Entering SATPGateway#startup()
    at Logger.trace (/opt/cacti/satp-hermes/index.js:207295:24)
    at Logger.trace (/opt/cacti/satp-hermes/index.js:189974:22)
    at SATPGateway.startup (/opt/cacti/satp-hermes/index.js:1002370:21)
    at launchGateway (/opt/cacti/satp-hermes/index.js:1001992:23)
Trace: [2025-05-22T18:49:37.987Z] TRACE (SATPGateway): Entering SATPGateway#startupGOLServer()
    at Logger.trace (/opt/cacti/satp-hermes/index.js:207295:24)
    at Logger.trace (/opt/cacti/satp-hermes/index.js:189974:22)
    at SATPGateway.startupGOLServer (/opt/cacti/satp-hermes/index.js:1002445:21)
    at SATPGateway.startup (/opt/cacti/satp-hermes/index.js:1002374:18)
    at launchGateway (/opt/cacti/satp-hermes/index.js:1001992:23)
Trace: [2025-05-22T18:49:38.059Z] TRACE (SATPGateway): Entering SATPGateway#getOrCreateHttpServer()
    at Logger.trace (/opt/cacti/satp-hermes/index.js:207295:24)
    at Logger.trace (/opt/cacti/satp-hermes/index.js:189974:22)
    at SATPGateway.getOrCreateHttpServer (/opt/cacti/satp-hermes/index.js:1002379:21)
    at launchGateway (/opt/cacti/satp-hermes/index.js:1001995:27)
    at process.processTicksAndRejections (node:internal/process/task_queues:95:5)
Trace: [2025-05-22T18:49:40.274Z] TRACE (SATPGateway): Entering SATPGateway#getOrCreateWebServices()
    at Logger.trace (/opt/cacti/satp-hermes/index.js:207295:24)
    at Logger.trace (/opt/cacti/satp-hermes/index.js:189974:22)
    at SATPGateway.getOrCreateWebServices (/opt/cacti/satp-hermes/index.js:1002233:21)
    at /opt/cacti/satp-hermes/index.js:4408:47
    at Array.map (<anonymous>)
    at AuthorizerFactory.getEndpoints (/opt/cacti/satp-hermes/index.js:4408:34)
    at AuthorizerFactory.initOnce (/opt/cacti/satp-hermes/index.js:4401:38)
    at ApiServer.startApiServer (/opt/cacti/satp-hermes/index.js:4180:28)
    at async ApiServer.start (/opt/cacti/satp-hermes/index.js:3684:36)
    at async SATPGateway.getOrCreateHttpServer (/opt/cacti/satp-hermes/index.js:1002416:9)
    at async launchGateway (/opt/cacti/satp-hermes/index.js:1001995:13)
[2025-05-22T18:49:40.275Z] WARN (AuthorizerFactory): The API server configuration specified no authorization protocol. All endpoints are exposed and unprotected. Do not use this in production!
Trace: [2025-05-22T18:49:40.276Z] TRACE (SATPGateway): Entering SATPGateway#getOrCreateWebServices()
    at Logger.trace (/opt/cacti/satp-hermes/index.js:207295:24)
    at Logger.trace (/opt/cacti/satp-hermes/index.js:189974:22)
    at SATPGateway.getOrCreateWebServices (/opt/cacti/satp-hermes/index.js:1002233:21)
    at /opt/cacti/satp-hermes/index.js:4196:21
    at Array.map (<anonymous>)
    at ApiServer.startApiServer (/opt/cacti/satp-hermes/index.js:4194:14)
    at async ApiServer.start (/opt/cacti/satp-hermes/index.js:3684:36)
    at async SATPGateway.getOrCreateHttpServer (/opt/cacti/satp-hermes/index.js:1002416:9)
    at async launchGateway (/opt/cacti/satp-hermes/index.js:1001995:13)
Trace: [2025-05-22T18:49:40.276Z] TRACE (SATPGateway): Entering SATPGateway#getOrCreateWebServices()
    at Logger.trace (/opt/cacti/satp-hermes/index.js:207295:24)
    at Logger.trace (/opt/cacti/satp-hermes/index.js:189974:22)
    at SATPGateway.getOrCreateWebServices (/opt/cacti/satp-hermes/index.js:1002233:21)
    at SATPGateway.registerWebServices (/opt/cacti/satp-hermes/index.js:1002224:40)
    at /opt/cacti/satp-hermes/index.js:4210:37
    at async Promise.all (index 0)
    at async ApiServer.startApiServer (/opt/cacti/satp-hermes/index.js:4213:29)
    at async ApiServer.start (/opt/cacti/satp-hermes/index.js:3684:36)
    at async SATPGateway.getOrCreateHttpServer (/opt/cacti/satp-hermes/index.js:1002416:9)
    at async launchGateway (/opt/cacti/satp-hermes/index.js:1001995:13)
(node:7) [DEP0040] DeprecationWarning: The `punycode` module is deprecated. Please use a userland alternative instead.
(Use `node --trace-deprecation ...` to show where the warning was created)
(node:7) [DEP0005] DeprecationWarning: Buffer() is deprecated due to security and usability issues. Please use the Buffer.alloc(), Buffer.allocUnsafe(), or Buffer.from() methods instead.
Trace: [2025-05-22T22:07:04.893Z] TRACE (GatewayOrchestrator): Entering #getGatewaySeeds()
    at Logger.trace (/opt/cacti/satp-hermes/index.js:207295:24)
    at Logger.trace (/opt/cacti/satp-hermes/index.js:189974:22)
    at getGatewaySeeds (/opt/cacti/satp-hermes/index.js:1004408:12)
    at new GatewayOrchestrator (/opt/cacti/satp-hermes/index.js:1003278:68)
    at new SATPGateway (/opt/cacti/satp-hermes/index.js:1002158:40)
    at launchGateway (/opt/cacti/satp-hermes/index.js:1001989:21)
Trace: [2025-05-22T22:07:04.893Z] TRACE (GatewayOrchestrator): Entering GatewayOrchestrator#addGateways()
    at Logger.trace (/opt/cacti/satp-hermes/index.js:207295:24)
    at Logger.trace (/opt/cacti/satp-hermes/index.js:189974:22)
    at GatewayOrchestrator.addGateways (/opt/cacti/satp-hermes/index.js:1003550:21)
    at new GatewayOrchestrator (/opt/cacti/satp-hermes/index.js:1003284:14)
    at new SATPGateway (/opt/cacti/satp-hermes/index.js:1002158:40)
    at launchGateway (/opt/cacti/satp-hermes/index.js:1001989:21)
[2025-05-22T22:07:04.894Z] WARN (OntologyManager): Ontologies path not provided. Ontologies must be added manually.
Trace: [2025-05-22T22:07:04.901Z] TRACE (SATPManager): Signer logger level: TRACE
    at Logger.trace (/opt/cacti/satp-hermes/index.js:207295:24)
    at Logger.trace (/opt/cacti/satp-hermes/index.js:189974:22)
    at new SATPService (/opt/cacti/satp-hermes/index.js:991523:21)
    at new Stage0ServerService (/opt/cacti/satp-hermes/index.js:991584:9)
    at /opt/cacti/satp-hermes/index.js:1003885:29
    at Array.forEach (<anonymous>)
    at SATPManager.initializeServices (/opt/cacti/satp-hermes/index.js:1003884:24)
    at new SATPManager (/opt/cacti/satp-hermes/index.js:1003717:14)
    at new BLODispatcher (/opt/cacti/satp-hermes/index.js:985639:24)
    at new SATPGateway (/opt/cacti/satp-hermes/index.js:1002191:30)
    at launchGateway (/opt/cacti/satp-hermes/index.js:1001989:21)
Trace: [2025-05-22T22:07:04.901Z] TRACE (SATPManager): Signer logger level: TRACE
    at Logger.trace (/opt/cacti/satp-hermes/index.js:207295:24)
    at Logger.trace (/opt/cacti/satp-hermes/index.js:189974:22)
    at new SATPService (/opt/cacti/satp-hermes/index.js:991523:21)
    at new Stage0ClientService (/opt/cacti/satp-hermes/index.js:990127:9)
    at /opt/cacti/satp-hermes/index.js:1003885:29
    at Array.forEach (<anonymous>)
    at SATPManager.initializeServices (/opt/cacti/satp-hermes/index.js:1003884:24)
    at new SATPManager (/opt/cacti/satp-hermes/index.js:1003717:14)
    at new BLODispatcher (/opt/cacti/satp-hermes/index.js:985639:24)
    at new SATPGateway (/opt/cacti/satp-hermes/index.js:1002191:30)
    at launchGateway (/opt/cacti/satp-hermes/index.js:1001989:21)
Trace: [2025-05-22T22:07:04.901Z] TRACE (SATPManager): Signer logger level: TRACE
    at Logger.trace (/opt/cacti/satp-hermes/index.js:207295:24)
    at Logger.trace (/opt/cacti/satp-hermes/index.js:189974:22)
    at new SATPService (/opt/cacti/satp-hermes/index.js:991523:21)
    at new Stage1ServerService (/opt/cacti/satp-hermes/index.js:991966:9)
    at /opt/cacti/satp-hermes/index.js:1003885:29
    at Array.forEach (<anonymous>)
    at SATPManager.initializeServices (/opt/cacti/satp-hermes/index.js:1003884:24)
    at new SATPManager (/opt/cacti/satp-hermes/index.js:1003717:14)
    at new BLODispatcher (/opt/cacti/satp-hermes/index.js:985639:24)
    at new SATPGateway (/opt/cacti/satp-hermes/index.js:1002191:30)
    at launchGateway (/opt/cacti/satp-hermes/index.js:1001989:21)
Trace: [2025-05-22T22:07:04.901Z] TRACE (SATPManager): Signer logger level: TRACE
    at Logger.trace (/opt/cacti/satp-hermes/index.js:207295:24)
    at Logger.trace (/opt/cacti/satp-hermes/index.js:189974:22)
    at new SATPService (/opt/cacti/satp-hermes/index.js:991523:21)
    at new Stage1ClientService (/opt/cacti/satp-hermes/index.js:990417:9)
    at /opt/cacti/satp-hermes/index.js:1003885:29
    at Array.forEach (<anonymous>)
    at SATPManager.initializeServices (/opt/cacti/satp-hermes/index.js:1003884:24)
    at new SATPManager (/opt/cacti/satp-hermes/index.js:1003717:14)
    at new BLODispatcher (/opt/cacti/satp-hermes/index.js:985639:24)
    at new SATPGateway (/opt/cacti/satp-hermes/index.js:1002191:30)
    at launchGateway (/opt/cacti/satp-hermes/index.js:1001989:21)
Trace: [2025-05-22T22:07:04.901Z] TRACE (SATPManager): Signer logger level: TRACE
    at Logger.trace (/opt/cacti/satp-hermes/index.js:207295:24)
    at Logger.trace (/opt/cacti/satp-hermes/index.js:189974:22)
    at new SATPService (/opt/cacti/satp-hermes/index.js:991523:21)
    at new Stage2ServerService (/opt/cacti/satp-hermes/index.js:992367:9)
    at /opt/cacti/satp-hermes/index.js:1003885:29
    at Array.forEach (<anonymous>)
    at SATPManager.initializeServices (/opt/cacti/satp-hermes/index.js:1003884:24)
    at new SATPManager (/opt/cacti/satp-hermes/index.js:1003717:14)
    at new BLODispatcher (/opt/cacti/satp-hermes/index.js:985639:24)
    at new SATPGateway (/opt/cacti/satp-hermes/index.js:1002191:30)
    at launchGateway (/opt/cacti/satp-hermes/index.js:1001989:21)
Trace: [2025-05-22T22:07:04.902Z] TRACE (SATPManager): Signer logger level: TRACE
    at Logger.trace (/opt/cacti/satp-hermes/index.js:207295:24)
    at Logger.trace (/opt/cacti/satp-hermes/index.js:189974:22)
    at new SATPService (/opt/cacti/satp-hermes/index.js:991523:21)
    at new Stage2ClientService (/opt/cacti/satp-hermes/index.js:990749:9)
    at /opt/cacti/satp-hermes/index.js:1003885:29
    at Array.forEach (<anonymous>)
    at SATPManager.initializeServices (/opt/cacti/satp-hermes/index.js:1003884:24)
    at new SATPManager (/opt/cacti/satp-hermes/index.js:1003717:14)
    at new BLODispatcher (/opt/cacti/satp-hermes/index.js:985639:24)
    at new SATPGateway (/opt/cacti/satp-hermes/index.js:1002191:30)
    at launchGateway (/opt/cacti/satp-hermes/index.js:1001989:21)
Trace: [2025-05-22T22:07:04.902Z] TRACE (SATPManager): Signer logger level: TRACE
    at Logger.trace (/opt/cacti/satp-hermes/index.js:207295:24)
    at Logger.trace (/opt/cacti/satp-hermes/index.js:189974:22)
    at new SATPService (/opt/cacti/satp-hermes/index.js:991523:21)
    at new Stage3ServerService (/opt/cacti/satp-hermes/index.js:992529:9)
    at /opt/cacti/satp-hermes/index.js:1003885:29
    at Array.forEach (<anonymous>)
    at SATPManager.initializeServices (/opt/cacti/satp-hermes/index.js:1003884:24)
    at new SATPManager (/opt/cacti/satp-hermes/index.js:1003717:14)
    at new BLODispatcher (/opt/cacti/satp-hermes/index.js:985639:24)
    at new SATPGateway (/opt/cacti/satp-hermes/index.js:1002191:30)
    at launchGateway (/opt/cacti/satp-hermes/index.js:1001989:21)
Trace: [2025-05-22T22:07:04.902Z] TRACE (SATPManager): Signer logger level: TRACE
    at Logger.trace (/opt/cacti/satp-hermes/index.js:207295:24)
    at Logger.trace (/opt/cacti/satp-hermes/index.js:189974:22)
    at new SATPService (/opt/cacti/satp-hermes/index.js:991523:21)
    at new Stage3ClientService (/opt/cacti/satp-hermes/index.js:990982:9)
    at /opt/cacti/satp-hermes/index.js:1003885:29
    at Array.forEach (<anonymous>)
    at SATPManager.initializeServices (/opt/cacti/satp-hermes/index.js:1003884:24)
    at new SATPManager (/opt/cacti/satp-hermes/index.js:1003717:14)
    at new BLODispatcher (/opt/cacti/satp-hermes/index.js:985639:24)
    at new SATPGateway (/opt/cacti/satp-hermes/index.js:1002191:30)
    at launchGateway (/opt/cacti/satp-hermes/index.js:1001989:21)
Trace: [2025-05-22T22:07:04.903Z] TRACE (SATPHandler-Stage0): Initialized stage-0-handler
    at Logger.trace (/opt/cacti/satp-hermes/index.js:207295:24)
    at Logger.trace (/opt/cacti/satp-hermes/index.js:189974:22)
    at new Stage0SATPHandler (/opt/cacti/satp-hermes/index.js:989416:21)
    at /opt/cacti/satp-hermes/index.js:1003942:33
    at Array.forEach (<anonymous>)
    at SATPManager.initializeHandlers (/opt/cacti/satp-hermes/index.js:1003939:25)
    at new SATPManager (/opt/cacti/satp-hermes/index.js:1003722:14)
    at new BLODispatcher (/opt/cacti/satp-hermes/index.js:985639:24)
    at new SATPGateway (/opt/cacti/satp-hermes/index.js:1002191:30)
    at launchGateway (/opt/cacti/satp-hermes/index.js:1001989:21)
Trace: [2025-05-22T22:07:04.903Z] TRACE (SATPHandler-Stage1): Initialized stage-1-handler
    at Logger.trace (/opt/cacti/satp-hermes/index.js:207295:24)
    at Logger.trace (/opt/cacti/satp-hermes/index.js:189974:22)
    at new Stage1SATPHandler (/opt/cacti/satp-hermes/index.js:989593:21)
    at /opt/cacti/satp-hermes/index.js:1003942:33
    at Array.forEach (<anonymous>)
    at SATPManager.initializeHandlers (/opt/cacti/satp-hermes/index.js:1003939:25)
    at new SATPManager (/opt/cacti/satp-hermes/index.js:1003722:14)
    at new BLODispatcher (/opt/cacti/satp-hermes/index.js:985639:24)
    at new SATPGateway (/opt/cacti/satp-hermes/index.js:1002191:30)
    at launchGateway (/opt/cacti/satp-hermes/index.js:1001989:21)
Trace: [2025-05-22T22:07:04.903Z] TRACE (SATPHandler-Stage2): Initialized stage-2-handler
    at Logger.trace (/opt/cacti/satp-hermes/index.js:207295:24)
    at Logger.trace (/opt/cacti/satp-hermes/index.js:189974:22)
    at new Stage2SATPHandler (/opt/cacti/satp-hermes/index.js:989763:21)
    at /opt/cacti/satp-hermes/index.js:1003942:33
    at Array.forEach (<anonymous>)
    at SATPManager.initializeHandlers (/opt/cacti/satp-hermes/index.js:1003939:25)
    at new SATPManager (/opt/cacti/satp-hermes/index.js:1003722:14)
    at new BLODispatcher (/opt/cacti/satp-hermes/index.js:985639:24)
    at new SATPGateway (/opt/cacti/satp-hermes/index.js:1002191:30)
    at launchGateway (/opt/cacti/satp-hermes/index.js:1001989:21)
Trace: [2025-05-22T22:07:04.903Z] TRACE (SATPHandler-Stage3): Initialized stage-3-handler
    at Logger.trace (/opt/cacti/satp-hermes/index.js:207295:24)
    at Logger.trace (/opt/cacti/satp-hermes/index.js:189974:22)
    at new Stage3SATPHandler (/opt/cacti/satp-hermes/index.js:989873:21)
    at /opt/cacti/satp-hermes/index.js:1003942:33
    at Array.forEach (<anonymous>)
    at SATPManager.initializeHandlers (/opt/cacti/satp-hermes/index.js:1003939:25)
    at new SATPManager (/opt/cacti/satp-hermes/index.js:1003722:14)
    at new BLODispatcher (/opt/cacti/satp-hermes/index.js:985639:24)
    at new SATPGateway (/opt/cacti/satp-hermes/index.js:1002191:30)
    at launchGateway (/opt/cacti/satp-hermes/index.js:1001989:21)
Trace: [2025-05-22T22:07:04.904Z] TRACE (SATPGateway): Entering SATPGateway#startup()
    at Logger.trace (/opt/cacti/satp-hermes/index.js:207295:24)
    at Logger.trace (/opt/cacti/satp-hermes/index.js:189974:22)
    at SATPGateway.startup (/opt/cacti/satp-hermes/index.js:1002370:21)
    at launchGateway (/opt/cacti/satp-hermes/index.js:1001992:23)
Trace: [2025-05-22T22:07:04.908Z] TRACE (SATPGateway): Entering SATPGateway#startupGOLServer()
    at Logger.trace (/opt/cacti/satp-hermes/index.js:207295:24)
    at Logger.trace (/opt/cacti/satp-hermes/index.js:189974:22)
    at SATPGateway.startupGOLServer (/opt/cacti/satp-hermes/index.js:1002445:21)
    at SATPGateway.startup (/opt/cacti/satp-hermes/index.js:1002374:18)
    at launchGateway (/opt/cacti/satp-hermes/index.js:1001992:23)
Trace: [2025-05-22T22:07:04.983Z] TRACE (SATPGateway): Entering SATPGateway#getOrCreateHttpServer()
    at Logger.trace (/opt/cacti/satp-hermes/index.js:207295:24)
    at Logger.trace (/opt/cacti/satp-hermes/index.js:189974:22)
    at SATPGateway.getOrCreateHttpServer (/opt/cacti/satp-hermes/index.js:1002379:21)
    at launchGateway (/opt/cacti/satp-hermes/index.js:1001995:27)
    at process.processTicksAndRejections (node:internal/process/task_queues:95:5)
Trace: [2025-05-22T22:07:09.065Z] TRACE (SATPGateway): Entering SATPGateway#getOrCreateWebServices()
    at Logger.trace (/opt/cacti/satp-hermes/index.js:207295:24)
    at Logger.trace (/opt/cacti/satp-hermes/index.js:189974:22)
    at SATPGateway.getOrCreateWebServices (/opt/cacti/satp-hermes/index.js:1002233:21)
    at /opt/cacti/satp-hermes/index.js:4408:47
    at Array.map (<anonymous>)
    at AuthorizerFactory.getEndpoints (/opt/cacti/satp-hermes/index.js:4408:34)
    at AuthorizerFactory.initOnce (/opt/cacti/satp-hermes/index.js:4401:38)
    at ApiServer.startApiServer (/opt/cacti/satp-hermes/index.js:4180:28)
    at async ApiServer.start (/opt/cacti/satp-hermes/index.js:3684:36)
    at async SATPGateway.getOrCreateHttpServer (/opt/cacti/satp-hermes/index.js:1002416:9)
    at async launchGateway (/opt/cacti/satp-hermes/index.js:1001995:13)
[2025-05-22T22:07:09.066Z] WARN (AuthorizerFactory): The API server configuration specified no authorization protocol. All endpoints are exposed and unprotected. Do not use this in production!
Trace: [2025-05-22T22:07:09.067Z] TRACE (SATPGateway): Entering SATPGateway#getOrCreateWebServices()
    at Logger.trace (/opt/cacti/satp-hermes/index.js:207295:24)
    at Logger.trace (/opt/cacti/satp-hermes/index.js:189974:22)
    at SATPGateway.getOrCreateWebServices (/opt/cacti/satp-hermes/index.js:1002233:21)
    at /opt/cacti/satp-hermes/index.js:4196:21
    at Array.map (<anonymous>)
    at ApiServer.startApiServer (/opt/cacti/satp-hermes/index.js:4194:14)
    at async ApiServer.start (/opt/cacti/satp-hermes/index.js:3684:36)
    at async SATPGateway.getOrCreateHttpServer (/opt/cacti/satp-hermes/index.js:1002416:9)
    at async launchGateway (/opt/cacti/satp-hermes/index.js:1001995:13)
Trace: [2025-05-22T22:07:09.067Z] TRACE (SATPGateway): Entering SATPGateway#getOrCreateWebServices()
    at Logger.trace (/opt/cacti/satp-hermes/index.js:207295:24)
    at Logger.trace (/opt/cacti/satp-hermes/index.js:189974:22)
    at SATPGateway.getOrCreateWebServices (/opt/cacti/satp-hermes/index.js:1002233:21)
    at SATPGateway.registerWebServices (/opt/cacti/satp-hermes/index.js:1002224:40)
    at /opt/cacti/satp-hermes/index.js:4210:37
    at async Promise.all (index 0)
    at async ApiServer.startApiServer (/opt/cacti/satp-hermes/index.js:4213:29)
    at async ApiServer.start (/opt/cacti/satp-hermes/index.js:3684:36)
    at async SATPGateway.getOrCreateHttpServer (/opt/cacti/satp-hermes/index.js:1002416:9)
    at async launchGateway (/opt/cacti/satp-hermes/index.js:1001995:13)
Trace: [2025-05-22T22:07:57.050Z] TRACE (SATPGateway): Entering SATPGateway#verifySessionsState()
    at Logger.trace (/opt/cacti/satp-hermes/index.js:207295:24)
    at Logger.trace (/opt/cacti/satp-hermes/index.js:189974:22)
    at SATPGateway.verifySessionsState (/opt/cacti/satp-hermes/index.js:1002625:21)
    at SATPGateway.shutdown (/opt/cacti/satp-hermes/index.js:1002515:24)
    at /opt/cacti/satp-hermes/index.js:3870:35
    at Array.map (<anonymous>)
    at ApiServer.shutdown (/opt/cacti/satp-hermes/index.js:3869:14)
    at process.processTicksAndRejections (node:internal/process/task_queues:95:5)
Trace: [2025-05-22T22:07:57.051Z] TRACE (SATPGateway): Entering SATPGateway#verifySessionsState()
    at Logger.trace (/opt/cacti/satp-hermes/index.js:207295:24)
    at Logger.trace (/opt/cacti/satp-hermes/index.js:189974:22)
    at SATPGateway.verifySessionsState (/opt/cacti/satp-hermes/index.js:1002625:21)
    at SATPGateway.shutdown (/opt/cacti/satp-hermes/index.js:1002515:24)
    at /opt/cacti/satp-hermes/index.js:3870:35
    at Array.map (<anonymous>)
    at ApiServer.shutdown (/opt/cacti/satp-hermes/index.js:3869:14)
    at process.processTicksAndRejections (node:internal/process/task_queues:95:5)
[2025-05-22T22:07:57.055Z] ERROR (GatewayOrchestrator): Disconnect All Not implemented
